#
# A fatal error has been detected by the Java Runtime Environment:
#
#  SIGSEGV (0xb) at pc=0x00007f3a7d57d818, pid=28900, tid=139889300834048
#
# JRE version: Java(TM) SE Runtime Environment (8.0_05-b13) (build 1.8.0_05-b13)
# Java VM: Java HotSpot(TM) 64-Bit Server VM (25.5-b02 mixed mode linux-amd64 compressed oops)
# Problematic frame:
# C  [libglass.so+0x16818]  WindowContextTop::process_net_wm_property()+0xb8
#
# Failed to write core dump. Core dumps have been disabled. To enable core dumping, try "ulimit -c unlimited" before starting Java again
#
# If you would like to submit a bug report, please visit:
#   http://bugreport.sun.com/bugreport/crash.jsp
# The crash happened outside the Java Virtual Machine in native code.
# See problematic frame for where to report the bug.
#

---------------  T H R E A D  ---------------

Current thread (0x00007f3ab03da000):  JavaThread "JavaFX Application Thread" [_thread_in_native, id=28925, stack(0x00007f3a84058000,0x00007f3a84159000)]

siginfo:si_signo=SIGSEGV: si_errno=0, si_code=2 (SEGV_ACCERR), si_addr=0x00007f3a2030d000

Registers:
RAX=0x0000000000000006, RBX=0x00007f3a20305f80, RCX=0x0000000000000000, RDX=0x00007f3a2030cff8
RSP=0x00007f3a84157510, RBP=0x00007f3a84157550, RSI=0x0000000000000008, RDI=0x00007f3a2030cfd0
R8 =0x0000000000000076, R9 =0x0000000000000000, R10=0x0000000000000000, R11=0x00007f3ab5ef8920
R12=0x0000000000000046, R13=0x00007f3a20005550, R14=0x0000000000000000, R15=0x00007f3a7d78f770
RIP=0x00007f3a7d57d818, EFLAGS=0x0000000000010293, CSGSFS=0x0000000000000033, ERR=0x0000000000000004
  TRAPNO=0x000000000000000e

Top of Stack: (sp=0x00007f3a84157510)
0x00007f3a84157510:   0000000000000000 0000000000000000
0x00007f3a84157520:   00007f3a8415753c 00007f3a84157530
0x00007f3a84157530:   00007f3a2030cfd0 000000088c1dfd07
0x00007f3a84157540:   00007f3a20305f80 0000000000000046
0x00007f3a84157550:   00007f3a841575f0 00007f3a7d57da67
0x00007f3a84157560:   00007f3ab03da000 00007f3a20305f80
0x00007f3a84157570:   00007f3a7d78f770 00007f3a7d78f7b0
0x00007f3a84157580:   0000000000000000 00007f3a20305f80
0x00007f3a84157590:   00007f3a7d78f770 00007f3a8c1dda1d
0x00007f3a841575a0:   00007f3a20305f80 00007f3a841575b0
0x00007f3a841575b0:   0000000000000000 0000000600000000
0x00007f3a841575c0:   0000001000000000 0000000000000001
0x00007f3a841575d0:   00007f3a841575f0 00007f3a20305f80
0x00007f3a841575e0:   00007f3a20005550 00007f3ab0388c60
0x00007f3a841575f0:   00007f3a84157630 00007f3a7d5892f5
0x00007f3a84157600:   00007f3ab038c2c0 00007f3a20005550
0x00007f3a84157610:   0000000000000000 00007f3ab038c2c0
0x00007f3a84157620:   0000000000000000 00007f3ab038a170
0x00007f3a84157630:   00007f3ab0395a30 00007f3a8edb6ccc
0x00007f3a84157640:   0000000000000000 00007f3a8ce6ff05
0x00007f3a84157650:   0000000000000000 00007f3a84157680
0x00007f3a84157660:   00007f3a8edb6c80 000000008ce6fd1a
0x00007f3a84157670:   0000000000000000 0000000000000000
0x00007f3a84157680:   00007f3ab038a170 0000000000000000
0x00007f3a84157690:   00007f3a20004440 00007f3ab038c2c0
0x00007f3a841576a0:   0000000000000001 00007f3a20003200
0x00007f3a841576b0:   0000000000000000 00007f3a8ce7e560
0x00007f3a841576c0:   0000000000000001 00007f3a8ce70248
0x00007f3a841576d0:   00007f3ab038c2c0 0000000000000000
0x00007f3a841576e0:   00007f3a20003cb0 00007f3a20003cb0
0x00007f3a841576f0:   00007f3a841577b0 00007f3a20003cb0
0x00007f3a84157700:   0000000000000000 00007f3a84157850 

Instructions: (pc=0x00007f3a7d57d818)
0x00007f3a7d57d7f8:   00 00 00 48 8b 7d e0 4c 8b 05 7a 34 21 00 31 c0
0x00007f3a7d57d808:   4c 39 07 48 89 fa 75 15 eb 5e 66 0f 1f 44 00 00
0x00007f3a7d57d818:   48 8b 4a 08 48 83 c2 08 4c 39 c1 74 4b 83 c0 01
0x00007f3a7d57d828:   39 f0 7c ec 45 31 e4 e8 1c ba ff ff 44 38 a3 80 

Register to memory mapping:

RAX=0x0000000000000006 is an unknown value
RBX=0x00007f3a20305f80 is an unknown value
RCX=0x0000000000000000 is an unknown value
RDX=0x00007f3a2030cff8 is an unknown value
RSP=0x00007f3a84157510 is pointing into the stack for thread: 0x00007f3ab03da000
RBP=0x00007f3a84157550 is pointing into the stack for thread: 0x00007f3ab03da000
RSI=0x0000000000000008 is an unknown value
RDI=0x00007f3a2030cfd0 is an unknown value
R8 =0x0000000000000076 is an unknown value
R9 =0x0000000000000000 is an unknown value
R10=0x0000000000000000 is an unknown value
R11=0x00007f3ab5ef8920: <offset 0x18d920> in /lib/x86_64-linux-gnu/libc.so.6 at 0x00007f3ab5d6b000
R12=0x0000000000000046 is an unknown value
R13=0x00007f3a20005550 is an unknown value
R14=0x0000000000000000 is an unknown value
R15=0x00007f3a7d78f770: _ZTI17WindowContextPlug+0 in /homes/zl2511/jdk1.8.0_05/jre/lib/amd64/libglass.so at 0x00007f3a7d567000


Stack: [0x00007f3a84058000,0x00007f3a84159000],  sp=0x00007f3a84157510,  free space=1021k
Native frames: (J=compiled Java code, j=interpreted, Vv=VM code, C=native code)
C  [libglass.so+0x16818]  WindowContextTop::process_net_wm_property()+0xb8
C  [libglass.so+0x16a67]  WindowContextTop::process_property_notify(_GdkEventProperty*)+0x67
C  [libglass.so+0x222f5]  process_events(_GdkEvent*, void*)+0x255

Java frames: (J=compiled Java code, j=interpreted, Vv=VM code)
j  com.sun.glass.ui.gtk.GtkApplication._runLoop(Ljava/lang/Runnable;Z)V+0
j  com.sun.glass.ui.gtk.GtkApplication.access$200(Lcom/sun/glass/ui/gtk/GtkApplication;Ljava/lang/Runnable;Z)V+3
j  com.sun.glass.ui.gtk.GtkApplication$6$1.run()V+31
j  java.lang.Thread.run()V+11
v  ~StubRoutines::call_stub

---------------  P R O C E S S  ---------------

Java Threads: ( => current thread )
  0x00007f3a201df800 JavaThread "Prism Font Disposer" daemon [_thread_blocked, id=28927, stack(0x00007f3a7c0c1000,0x00007f3a7c1c2000)]
  0x00007f3ab03de800 JavaThread "JavaFX-Launcher" [_thread_blocked, id=28926, stack(0x00007f3a7c1c2000,0x00007f3a7c2c3000)]
=>0x00007f3ab03da000 JavaThread "JavaFX Application Thread" [_thread_in_native, id=28925, stack(0x00007f3a84058000,0x00007f3a84159000)]
  0x00007f3ab03d8000 JavaThread "Thread-1" daemon [_thread_blocked, id=28924, stack(0x00007f3a8c07f000,0x00007f3a8c180000)]
  0x00007f3ab034c800 JavaThread "QuantumRenderer-0" daemon [_thread_blocked, id=28923, stack(0x00007f3a8f853000,0x00007f3a8f954000)]
  0x00007f3ab0231000 JavaThread "Service Thread" daemon [_thread_blocked, id=28921, stack(0x00007f3a8fafb000,0x00007f3a8fbfc000)]
  0x00007f3ab0204000 JavaThread "C1 CompilerThread3" daemon [_thread_blocked_trans, id=28920, stack(0x00007f3a8fbfc000,0x00007f3a8fcfd000)]
  0x00007f3ab0201800 JavaThread "C2 CompilerThread2" daemon [_thread_in_native_trans, id=28919, stack(0x00007f3a8fcfd000,0x00007f3a8fdfe000)]
  0x00007f3ab01ff800 JavaThread "C2 CompilerThread1" daemon [_thread_blocked, id=28918, stack(0x00007f3a8fdfe000,0x00007f3a8feff000)]
  0x00007f3ab01fd000 JavaThread "C2 CompilerThread0" daemon [_thread_in_native, id=28917, stack(0x00007f3a8feff000,0x00007f3a90000000)]
  0x00007f3ab01fa800 JavaThread "Signal Dispatcher" daemon [_thread_blocked, id=28916, stack(0x00007f3a9c050000,0x00007f3a9c151000)]
  0x00007f3ab01cb800 JavaThread "Finalizer" daemon [_thread_blocked, id=28915, stack(0x00007f3a9c151000,0x00007f3a9c252000)]
  0x00007f3ab01c7800 JavaThread "Reference Handler" daemon [_thread_blocked, id=28914, stack(0x00007f3a9c252000,0x00007f3a9c353000)]
  0x00007f3ab000a000 JavaThread "main" [_thread_blocked, id=28904, stack(0x00007f3ab684f000,0x00007f3ab6950000)]

Other Threads:
  0x00007f3ab01c2800 VMThread [stack: 0x00007f3a9c353000,0x00007f3a9c454000] [id=28913]
  0x00007f3ab0233800 WatcherThread [stack: 0x00007f3a8f9fa000,0x00007f3a8fafb000] [id=28922]

VM state:synchronizing (normal execution)

VM Mutex/Monitor currently owned by a thread:  ([mutex/lock_event])
[0x00007f3ab0006140] Safepoint_lock - owner thread: 0x00007f3ab01c2800
[0x00007f3ab00061c0] Threads_lock - owner thread: 0x00007f3ab01c2800

Heap:
 PSYoungGen      total 18432K, used 12533K [0x000000076d100000, 0x000000076e600000, 0x00000007c0000000)
  eden space 16384K, 72% used [0x000000076d100000,0x000000076dc91040,0x000000076e100000)
  from space 2048K, 33% used [0x000000076e400000,0x000000076e4ac4b8,0x000000076e600000)
  to   space 2560K, 0% used [0x000000076e100000,0x000000076e100000,0x000000076e380000)
 ParOldGen       total 254464K, used 17223K [0x00000006c7200000, 0x00000006d6a80000, 0x000000076d100000)
  object space 254464K, 6% used [0x00000006c7200000,0x00000006c82d1c40,0x00000006d6a80000)
 Metaspace       used 17382K, capacity 17538K, committed 17792K, reserved 1064960K
  class space    used 2522K, capacity 2582K, committed 2688K, reserved 1048576K

Card table byte_map: [0x00007f3a9fe43000,0x00007f3aa060b000] byte_map_base: 0x00007f3a9c80a000

Marking Bits: (ParMarkBitMap*) 0x00007f3ab5d40cc0
 Begin Bits: [0x00007f3a60390000, 0x00007f3a641c8000)
 End Bits:   [0x00007f3a641c8000, 0x00007f3a68000000)

Polling page: 0x00007f3ab698b000

CodeCache: size=245760Kb used=8245Kb max_used=8254Kb free=237514Kb
 bounds [0x00007f3aa09cb000, 0x00007f3aa11eb000, 0x00007f3aaf9cb000]
 total_blobs=3251 nmethods=2683 adapters=481
 compilation: enabled

Compilation events (10 events):
Event: 31.745 Thread 0x00007f3ab01ff800 nmethod 2658 0x00007f3aa11dd0d0 code [0x00007f3aa11dd260, 0x00007f3aa11dd8b8]
Event: 31.745 Thread 0x00007f3ab01ff800 2654       4       com.sun.javafx.css.SimpleSelector::applies (54 bytes)
Event: 31.748 Thread 0x00007f3ab0204000 2686       1       com.sun.javafx.geom.transform.BaseTransform::getMzy (2 bytes)
Event: 31.748 Thread 0x00007f3ab0204000 nmethod 2686 0x00007f3aa11dce10 code [0x00007f3aa11dcf60, 0x00007f3aa11dd070]
Event: 31.748 Thread 0x00007f3ab0204000 2687       1       com.sun.javafx.geom.transform.BaseTransform::getMzz (2 bytes)
Event: 31.748 Thread 0x00007f3ab0204000 nmethod 2687 0x00007f3aa11dcb10 code [0x00007f3aa11dcc80, 0x00007f3aa11dcd90]
Event: 31.750 Thread 0x00007f3ab0201800 nmethod 2570 0x00007f3aa11e0d10 code [0x00007f3aa11e0fe0, 0x00007f3aa11e2760]
Event: 31.750 Thread 0x00007f3ab0201800 2630       4       com.sun.javafx.css.Size::pixels (7 bytes)
Event: 31.751 Thread 0x00007f3ab0201800 nmethod 2630 0x00007f3aa11dbb90 code [0x00007f3aa11dbd00, 0x00007f3aa11dbd98]
Event: 31.751 Thread 0x00007f3ab0201800 2659       4       com.sun.javafx.css.PseudoClassState::<init> (5 bytes)

GC Heap History (10 events):
Event: 0.515 GC heap before
{Heap before GC invocations=8 (full 0):
 PSYoungGen      total 5120K, used 4760K [0x000000076d100000, 0x000000076db00000, 0x00000007c0000000)
  eden space 3584K, 100% used [0x000000076d100000,0x000000076d480000,0x000000076d480000)
  from space 1536K, 76% used [0x000000076d480000,0x000000076d5a6030,0x000000076d600000)
  to   space 1536K, 0% used [0x000000076d980000,0x000000076d980000,0x000000076db00000)
 ParOldGen       total 254464K, used 1017K [0x00000006c7200000, 0x00000006d6a80000, 0x000000076d100000)
  object space 254464K, 0% used [0x00000006c7200000,0x00000006c72fe408,0x00000006d6a80000)
 Metaspace       used 9823K, capacity 9980K, committed 10368K, reserved 1058816K
  class space    used 1285K, capacity 1303K, committed 1408K, reserved 1048576K
Event: 0.517 GC heap after
Heap after GC invocations=8 (full 0):
 PSYoungGen      total 8192K, used 1520K [0x000000076d100000, 0x000000076dc00000, 0x00000007c0000000)
  eden space 6656K, 0% used [0x000000076d100000,0x000000076d100000,0x000000076d780000)
  from space 1536K, 98% used [0x000000076d980000,0x000000076dafc010,0x000000076db00000)
  to   space 2048K, 0% used [0x000000076d780000,0x000000076d780000,0x000000076d980000)
 ParOldGen       total 254464K, used 1425K [0x00000006c7200000, 0x00000006d6a80000, 0x000000076d100000)
  object space 254464K, 0% used [0x00000006c7200000,0x00000006c7364418,0x00000006d6a80000)
 Metaspace       used 9823K, capacity 9980K, committed 10368K, reserved 1058816K
  class space    used 1285K, capacity 1303K, committed 1408K, reserved 1048576K
}
Event: 0.647 GC heap before
{Heap before GC invocations=9 (full 0):
 PSYoungGen      total 8192K, used 8176K [0x000000076d100000, 0x000000076dc00000, 0x00000007c0000000)
  eden space 6656K, 100% used [0x000000076d100000,0x000000076d780000,0x000000076d780000)
  from space 1536K, 98% used [0x000000076d980000,0x000000076dafc010,0x000000076db00000)
  to   space 2048K, 0% used [0x000000076d780000,0x000000076d780000,0x000000076d980000)
 ParOldGen       total 254464K, used 1425K [0x00000006c7200000, 0x00000006d6a80000, 0x000000076d100000)
  object space 254464K, 0% used [0x00000006c7200000,0x00000006c7364418,0x00000006d6a80000)
 Metaspace       used 11544K, capacity 11738K, committed 11904K, reserved 1058816K
  class space    used 1587K, capacity 1628K, committed 1664K, reserved 1048576K
Event: 0.648 GC heap after
Heap after GC invocations=9 (full 0):
 PSYoungGen      total 8704K, used 1984K [0x000000076d100000, 0x000000076df80000, 0x00000007c0000000)
  eden space 6656K, 0% used [0x000000076d100000,0x000000076d100000,0x000000076d780000)
  from space 2048K, 96% used [0x000000076d780000,0x000000076d970000,0x000000076d980000)
  to   space 2048K, 0% used [0x000000076dd80000,0x000000076dd80000,0x000000076df80000)
 ParOldGen       total 254464K, used 1726K [0x00000006c7200000, 0x00000006d6a80000, 0x000000076d100000)
  object space 254464K, 0% used [0x00000006c7200000,0x00000006c73af878,0x00000006d6a80000)
 Metaspace       used 11544K, capacity 11738K, committed 11904K, reserved 1058816K
  class space    used 1587K, capacity 1628K, committed 1664K, reserved 1048576K
}
Event: 0.804 GC heap before
{Heap before GC invocations=10 (full 0):
 PSYoungGen      total 8704K, used 8640K [0x000000076d100000, 0x000000076df80000, 0x00000007c0000000)
  eden space 6656K, 100% used [0x000000076d100000,0x000000076d780000,0x000000076d780000)
  from space 2048K, 96% used [0x000000076d780000,0x000000076d970000,0x000000076d980000)
  to   space 2048K, 0% used [0x000000076dd80000,0x000000076dd80000,0x000000076df80000)
 ParOldGen       total 254464K, used 1726K [0x00000006c7200000, 0x00000006d6a80000, 0x000000076d100000)
  object space 254464K, 0% used [0x00000006c7200000,0x00000006c73af878,0x00000006d6a80000)
 Metaspace       used 13763K, capacity 13946K, committed 14208K, reserved 1060864K
  class space    used 2062K, capacity 2108K, committed 2176K, reserved 1048576K
Event: 0.807 GC heap after
Heap after GC invocations=10 (full 0):
 PSYoungGen      total 12288K, used 1872K [0x000000076d100000, 0x000000076e080000, 0x00000007c0000000)
  eden space 10240K, 0% used [0x000000076d100000,0x000000076d100000,0x000000076db00000)
  from space 2048K, 91% used [0x000000076dd80000,0x000000076df54010,0x000000076df80000)
  to   space 2560K, 0% used [0x000000076db00000,0x000000076db00000,0x000000076dd80000)
 ParOldGen       total 254464K, used 2958K [0x00000006c7200000, 0x00000006d6a80000, 0x000000076d100000)
  object space 254464K, 1% used [0x00000006c7200000,0x00000006c74e3878,0x00000006d6a80000)
 Metaspace       used 13763K, capacity 13946K, committed 14208K, reserved 1060864K
  class space    used 2062K, capacity 2108K, committed 2176K, reserved 1048576K
}
Event: 31.537 GC heap before
{Heap before GC invocations=11 (full 0):
 PSYoungGen      total 12288K, used 12112K [0x000000076d100000, 0x000000076e080000, 0x00000007c0000000)
  eden space 10240K, 100% used [0x000000076d100000,0x000000076db00000,0x000000076db00000)
  from space 2048K, 91% used [0x000000076dd80000,0x000000076df54010,0x000000076df80000)
  to   space 2560K, 0% used [0x000000076db00000,0x000000076db00000,0x000000076dd80000)
 ParOldGen       total 254464K, used 11150K [0x00000006c7200000, 0x00000006d6a80000, 0x000000076d100000)
  object space 254464K, 4% used [0x00000006c7200000,0x00000006c7ce3888,0x00000006d6a80000)
 Metaspace       used 16105K, capacity 16356K, committed 16512K, reserved 1062912K
  class space    used 2314K, capacity 2401K, committed 2432K, reserved 1048576K
Event: 31.540 GC heap after
Heap after GC invocations=11 (full 0):
 PSYoungGen      total 12800K, used 2282K [0x000000076d100000, 0x000000076e700000, 0x00000007c0000000)
  eden space 10240K, 0% used [0x000000076d100000,0x000000076d100000,0x000000076db00000)
  from space 2560K, 89% used [0x000000076db00000,0x000000076dd3a9c8,0x000000076dd80000)
  to   space 3072K, 0% used [0x000000076e400000,0x000000076e400000,0x000000076e700000)
 ParOldGen       total 254464K, used 13793K [0x00000006c7200000, 0x00000006d6a80000, 0x000000076d100000)
  object space 254464K, 5% used [0x00000006c7200000,0x00000006c7f78548,0x00000006d6a80000)
 Metaspace       used 16105K, capacity 16356K, committed 16512K, reserved 1062912K
  class space    used 2314K, capacity 2401K, committed 2432K, reserved 1048576K
}
Event: 31.620 GC heap before
{Heap before GC invocations=12 (full 0):
 PSYoungGen      total 12800K, used 12522K [0x000000076d100000, 0x000000076e700000, 0x00000007c0000000)
  eden space 10240K, 100% used [0x000000076d100000,0x000000076db00000,0x000000076db00000)
  from space 2560K, 89% used [0x000000076db00000,0x000000076dd3a9c8,0x000000076dd80000)
  to   space 3072K, 0% used [0x000000076e400000,0x000000076e400000,0x000000076e700000)
 ParOldGen       total 254464K, used 13793K [0x00000006c7200000, 0x00000006d6a80000, 0x000000076d100000)
  object space 254464K, 5% used [0x00000006c7200000,0x00000006c7f78548,0x00000006d6a80000)
 Metaspace       used 16513K, capacity 16770K, committed 16896K, reserved 1062912K
  class space    used 2380K, capacity 2454K, committed 2560K, reserved 1048576K
Event: 31.622 GC heap after
Heap after GC invocations=12 (full 0):
 PSYoungGen      total 18432K, used 689K [0x000000076d100000, 0x000000076e600000, 0x00000007c0000000)
  eden space 16384K, 0% used [0x000000076d100000,0x000000076d100000,0x000000076e100000)
  from space 2048K, 33% used [0x000000076e400000,0x000000076e4ac4b8,0x000000076e600000)
  to   space 2560K, 0% used [0x000000076e100000,0x000000076e100000,0x000000076e380000)
 ParOldGen       total 254464K, used 17223K [0x00000006c7200000, 0x00000006d6a80000, 0x000000076d100000)
  object space 254464K, 6% used [0x00000006c7200000,0x00000006c82d1c40,0x00000006d6a80000)
 Metaspace       used 16513K, capacity 16770K, committed 16896K, reserved 1062912K
  class space    used 2380K, capacity 2454K, committed 2560K, reserved 1048576K
}

Deoptimization events (10 events):
Event: 9.200 Thread 0x00007f3ab03da000 Uncommon trap: reason=class_check action=maybe_recompile pc=0x00007f3aa0eda858 method=javafx.scene.Node.getLocalBounds(Lcom/sun/javafx/geom/BaseBounds;Lcom/sun/javafx/geom/transform/BaseTransform;)Lcom/sun/javafx/geom/BaseBounds; @ 22
Event: 9.379 Thread 0x00007f3ab03da000 Uncommon trap: reason=class_check action=maybe_recompile pc=0x00007f3aa0eda858 method=javafx.scene.Node.getLocalBounds(Lcom/sun/javafx/geom/BaseBounds;Lcom/sun/javafx/geom/transform/BaseTransform;)Lcom/sun/javafx/geom/BaseBounds; @ 22
Event: 9.964 Thread 0x00007f3ab03da000 Uncommon trap: reason=class_check action=maybe_recompile pc=0x00007f3aa0eda858 method=javafx.scene.Node.getLocalBounds(Lcom/sun/javafx/geom/BaseBounds;Lcom/sun/javafx/geom/transform/BaseTransform;)Lcom/sun/javafx/geom/BaseBounds; @ 22
Event: 31.554 Thread 0x00007f3ab03da000 Uncommon trap: reason=unreached action=reinterpret pc=0x00007f3aa0f8641c method=javafx.scene.Node.getProperties()Ljavafx/collections/ObservableMap; @ 4
Event: 31.640 Thread 0x00007f3ab03da000 Uncommon trap: reason=unreached action=reinterpret pc=0x00007f3aa0f93d84 method=com.sun.javafx.css.BitSet.addAll(Ljava/util/Collection;)Z @ 1
Event: 31.705 Thread 0x00007f3ab03da000 Uncommon trap: reason=class_check action=maybe_recompile pc=0x00007f3aa0eda858 method=javafx.scene.Node.getLocalBounds(Lcom/sun/javafx/geom/BaseBounds;Lcom/sun/javafx/geom/transform/BaseTransform;)Lcom/sun/javafx/geom/BaseBounds; @ 22
Event: 31.728 Thread 0x00007f3ab03da000 Uncommon trap: reason=array_check action=maybe_recompile pc=0x00007f3aa11caf38 method=com.sun.javafx.css.SimpleSelector.applies(Ljavafx/css/Styleable;[Ljava/util/Set;I)Z @ 37
Event: 31.728 Thread 0x00007f3ab03da000 Uncommon trap: reason=array_check action=maybe_recompile pc=0x00007f3aa11caf38 method=com.sun.javafx.css.SimpleSelector.applies(Ljavafx/css/Styleable;[Ljava/util/Set;I)Z @ 37
Event: 31.728 Thread 0x00007f3ab03da000 Uncommon trap: reason=array_check action=maybe_recompile pc=0x00007f3aa11caf38 method=com.sun.javafx.css.SimpleSelector.applies(Ljavafx/css/Styleable;[Ljava/util/Set;I)Z @ 37
Event: 31.728 Thread 0x00007f3ab03da000 Uncommon trap: reason=array_check action=maybe_recompile pc=0x00007f3aa11caf38 method=com.sun.javafx.css.SimpleSelector.applies(Ljavafx/css/Styleable;[Ljava/util/Set;I)Z @ 37

Internal exceptions (10 events):
Event: 31.611 Thread 0x00007f3ab03da000 Exception <a 'java/security/PrivilegedActionException'> (0x000000076da8e028) thrown at [/HUDSON/workspace/8-2-build-linux-amd64/jdk8u5/2488/hotspot/src/share/vm/prims/jvm.cpp, line 1248]
Event: 31.612 Thread 0x00007f3ab03da000 Exception <a 'java/security/PrivilegedActionException'> (0x000000076da90fa8) thrown at [/HUDSON/workspace/8-2-build-linux-amd64/jdk8u5/2488/hotspot/src/share/vm/prims/jvm.cpp, line 1248]
Event: 31.612 Thread 0x00007f3ab03da000 Exception <a 'java/security/PrivilegedActionException'> (0x000000076da94770) thrown at [/HUDSON/workspace/8-2-build-linux-amd64/jdk8u5/2488/hotspot/src/share/vm/prims/jvm.cpp, line 1248]
Event: 31.612 Thread 0x00007f3ab03da000 Exception <a 'java/security/PrivilegedActionException'> (0x000000076da99f48) thrown at [/HUDSON/workspace/8-2-build-linux-amd64/jdk8u5/2488/hotspot/src/share/vm/prims/jvm.cpp, line 1248]
Event: 31.613 Thread 0x00007f3ab03da000 Exception <a 'java/security/PrivilegedActionException'> (0x000000076da9f510) thrown at [/HUDSON/workspace/8-2-build-linux-amd64/jdk8u5/2488/hotspot/src/share/vm/prims/jvm.cpp, line 1248]
Event: 31.613 Thread 0x00007f3ab03da000 Exception <a 'java/security/PrivilegedActionException'> (0x000000076daa24d8) thrown at [/HUDSON/workspace/8-2-build-linux-amd64/jdk8u5/2488/hotspot/src/share/vm/prims/jvm.cpp, line 1248]
Event: 31.613 Thread 0x00007f3ab03da000 Exception <a 'java/security/PrivilegedActionException'> (0x000000076daa5ef8) thrown at [/HUDSON/workspace/8-2-build-linux-amd64/jdk8u5/2488/hotspot/src/share/vm/prims/jvm.cpp, line 1248]
Event: 31.613 Thread 0x00007f3ab03da000 Exception <a 'java/security/PrivilegedActionException'> (0x000000076daa8ec0) thrown at [/HUDSON/workspace/8-2-build-linux-amd64/jdk8u5/2488/hotspot/src/share/vm/prims/jvm.cpp, line 1248]
Event: 31.613 Thread 0x00007f3ab03da000 Exception <a 'java/security/PrivilegedActionException'> (0x000000076daac2d8) thrown at [/HUDSON/workspace/8-2-build-linux-amd64/jdk8u5/2488/hotspot/src/share/vm/prims/jvm.cpp, line 1248]
Event: 31.640 Thread 0x00007f3ab03da000 Implicit null exception at 0x00007f3aa0f93750 to 0x00007f3aa0f93d71

Events (10 events):
Event: 31.728 Thread 0x00007f3ab03da000 DEOPT UNPACKING pc=0x00007f3aa0a12650 sp=0x00007f3a84153b80 mode 2
Event: 31.728 Thread 0x00007f3ab03da000 Uncommon trap: trap_request=0xffffffd6 fr.pc=0x00007f3aa11caf38
Event: 31.728 Thread 0x00007f3ab03da000 DEOPT PACKING pc=0x00007f3aa11caf38 sp=0x00007f3a84153ba0
Event: 31.728 Thread 0x00007f3ab03da000 DEOPT UNPACKING pc=0x00007f3aa0a12650 sp=0x00007f3a84153b80 mode 2
Event: 31.728 Thread 0x00007f3ab03da000 Uncommon trap: trap_request=0xffffffd6 fr.pc=0x00007f3aa11caf38
Event: 31.728 Thread 0x00007f3ab03da000 DEOPT PACKING pc=0x00007f3aa11caf38 sp=0x00007f3a84153ba0
Event: 31.728 Thread 0x00007f3ab03da000 DEOPT UNPACKING pc=0x00007f3aa0a12650 sp=0x00007f3a84153b80 mode 2
Event: 31.728 Thread 0x00007f3ab03da000 Uncommon trap: trap_request=0xffffffd6 fr.pc=0x00007f3aa11caf38
Event: 31.728 Thread 0x00007f3ab03da000 DEOPT PACKING pc=0x00007f3aa11caf38 sp=0x00007f3a84153ba0
Event: 31.728 Thread 0x00007f3ab03da000 DEOPT UNPACKING pc=0x00007f3aa0a12650 sp=0x00007f3a84153b80 mode 2


Dynamic libraries:
00400000-00401000 r-xp 00000000 00:25 858224                             /homes/zl2511/jdk1.8.0_05/jre/bin/java
00600000-00601000 rw-p 00000000 00:25 858224                             /homes/zl2511/jdk1.8.0_05/jre/bin/java
00643000-00664000 rw-p 00000000 00:00 0                                  [heap]
6c7200000-6d6a80000 rw-p 00000000 00:00 0 
6d6a80000-76d100000 ---p 00000000 00:00 0 
76d100000-76e600000 rw-p 00000000 00:00 0 
76e600000-7c0000000 ---p 00000000 00:00 0 
7c0000000-7c02a0000 rw-p 00000000 00:00 0 
7c02a0000-800000000 ---p 00000000 00:00 0 
7f3a18000000-7f3a18021000 rw-p 00000000 00:00 0 
7f3a18021000-7f3a1c000000 ---p 00000000 00:00 0 
7f3a20000000-7f3a20323000 rw-p 00000000 00:00 0 
7f3a20323000-7f3a24000000 ---p 00000000 00:00 0 
7f3a24000000-7f3a24021000 rw-p 00000000 00:00 0 
7f3a24021000-7f3a28000000 ---p 00000000 00:00 0 
7f3a28000000-7f3a28302000 rw-p 00000000 00:00 0 
7f3a28302000-7f3a2c000000 ---p 00000000 00:00 0 
7f3a2c000000-7f3a2c021000 rw-p 00000000 00:00 0 
7f3a2c021000-7f3a30000000 ---p 00000000 00:00 0 
7f3a30000000-7f3a30021000 rw-p 00000000 00:00 0 
7f3a30021000-7f3a34000000 ---p 00000000 00:00 0 
7f3a34000000-7f3a34021000 rw-p 00000000 00:00 0 
7f3a34021000-7f3a38000000 ---p 00000000 00:00 0 
7f3a38000000-7f3a384c2000 rw-p 00000000 00:00 0 
7f3a384c2000-7f3a3c000000 ---p 00000000 00:00 0 
7f3a3c000000-7f3a3c3c8000 rw-p 00000000 00:00 0 
7f3a3c3c8000-7f3a40000000 ---p 00000000 00:00 0 
7f3a40000000-7f3a40418000 rw-p 00000000 00:00 0 
7f3a40418000-7f3a44000000 ---p 00000000 00:00 0 
7f3a44000000-7f3a45330000 rw-p 00000000 00:00 0 
7f3a45330000-7f3a48000000 ---p 00000000 00:00 0 
7f3a48000000-7f3a48021000 rw-p 00000000 00:00 0 
7f3a48021000-7f3a4c000000 ---p 00000000 00:00 0 
7f3a4d300000-7f3a54000000 r--p 00000000 fc:00 1844851                    /usr/lib/locale/locale-archive
7f3a54000000-7f3a54021000 rw-p 00000000 00:00 0 
7f3a54021000-7f3a58000000 ---p 00000000 00:00 0 
7f3a58000000-7f3a58021000 rw-p 00000000 00:00 0 
7f3a58021000-7f3a5c000000 ---p 00000000 00:00 0 
7f3a5c000000-7f3a5c021000 rw-p 00000000 00:00 0 
7f3a5c021000-7f3a60000000 ---p 00000000 00:00 0 
7f3a60390000-7f3a68000000 rw-p 00000000 00:00 0 
7f3a68000000-7f3a68021000 rw-p 00000000 00:00 0 
7f3a68021000-7f3a6c000000 ---p 00000000 00:00 0 
7f3a70000000-7f3a70021000 rw-p 00000000 00:00 0 
7f3a70021000-7f3a74000000 ---p 00000000 00:00 0 
7f3a7701d000-7f3a771dd000 rw-p 00000000 00:00 0 
7f3a771dd000-7f3a7731d000 ---p 00000000 00:00 0 
7f3a7731d000-7f3a7732d000 r-xp 00000000 00:25 841753                     /homes/zl2511/jdk1.8.0_05/jre/lib/amd64/libdecora_sse.so
7f3a7732d000-7f3a7752c000 ---p 00010000 00:25 841753                     /homes/zl2511/jdk1.8.0_05/jre/lib/amd64/libdecora_sse.so
7f3a7752c000-7f3a7752d000 r--p 0000f000 00:25 841753                     /homes/zl2511/jdk1.8.0_05/jre/lib/amd64/libdecora_sse.so
7f3a7752d000-7f3a7752e000 rw-p 00010000 00:25 841753                     /homes/zl2511/jdk1.8.0_05/jre/lib/amd64/libdecora_sse.so
7f3a7752e000-7f3a7772e000 rw-p 00000000 00:00 0 
7f3a7772e000-7f3a777f2000 r-xp 00000000 00:25 837904                     /homes/zl2511/jdk1.8.0_05/jre/lib/amd64/libjavafx_font_t2k.so
7f3a777f2000-7f3a779f1000 ---p 000c4000 00:25 837904                     /homes/zl2511/jdk1.8.0_05/jre/lib/amd64/libjavafx_font_t2k.so
7f3a779f1000-7f3a779f9000 r--p 000c3000 00:25 837904                     /homes/zl2511/jdk1.8.0_05/jre/lib/amd64/libjavafx_font_t2k.so
7f3a779f9000-7f3a779fb000 rw-p 000cb000 00:25 837904                     /homes/zl2511/jdk1.8.0_05/jre/lib/amd64/libjavafx_font_t2k.so
7f3a779fb000-7f3a77bfc000 rw-p 00000000 00:00 0 
7f3a77bfc000-7f3a77bff000 r-xp 00000000 00:25 840346                     /homes/zl2511/jdk1.8.0_05/jre/lib/amd64/libjavafx_font.so
7f3a77bff000-7f3a77dfe000 ---p 00003000 00:25 840346                     /homes/zl2511/jdk1.8.0_05/jre/lib/amd64/libjavafx_font.so
7f3a77dfe000-7f3a77dff000 r--p 00002000 00:25 840346                     /homes/zl2511/jdk1.8.0_05/jre/lib/amd64/libjavafx_font.so
7f3a77dff000-7f3a77e00000 rw-p 00003000 00:25 840346                     /homes/zl2511/jdk1.8.0_05/jre/lib/amd64/libjavafx_font.so
7f3a77e00000-7f3a78000000 rw-p 00000000 00:00 0 
7f3a78000000-7f3a78021000 rw-p 00000000 00:00 0 
7f3a78021000-7f3a7c000000 ---p 00000000 00:00 0 
7f3a7c09a000-7f3a7c0b6000 r--s 00393000 00:25 849974                     /homes/zl2511/jdk1.8.0_05/jre/lib/ext/cldrdata.jar
7f3a7c0b6000-7f3a7c0c1000 r--s 0021a000 00:25 847879                     /homes/zl2511/jdk1.8.0_05/jre/lib/ext/localedata.jar
7f3a7c0c1000-7f3a7c0c4000 ---p 00000000 00:00 0 
7f3a7c0c4000-7f3a7c1c2000 rw-p 00000000 00:00 0                          [stack:28927]
7f3a7c1c2000-7f3a7c1c5000 ---p 00000000 00:00 0 
7f3a7c1c5000-7f3a7c2c3000 rw-p 00000000 00:00 0                          [stack:28926]
7f3a7c2c3000-7f3a7c2c9000 r-xp 00000000 fc:00 1846441                    /usr/lib/x86_64-linux-gnu/libogg.so.0.8.0
7f3a7c2c9000-7f3a7c4c8000 ---p 00006000 fc:00 1846441                    /usr/lib/x86_64-linux-gnu/libogg.so.0.8.0
7f3a7c4c8000-7f3a7c4c9000 r--p 00005000 fc:00 1846441                    /usr/lib/x86_64-linux-gnu/libogg.so.0.8.0
7f3a7c4c9000-7f3a7c4ca000 rw-p 00006000 fc:00 1846441                    /usr/lib/x86_64-linux-gnu/libogg.so.0.8.0
7f3a7c4ca000-7f3a7c4f5000 r-xp 00000000 fc:00 1846454                    /usr/lib/x86_64-linux-gnu/libvorbis.so.0.4.5
7f3a7c4f5000-7f3a7c6f5000 ---p 0002b000 fc:00 1846454                    /usr/lib/x86_64-linux-gnu/libvorbis.so.0.4.5
7f3a7c6f5000-7f3a7c6f6000 r--p 0002b000 fc:00 1846454                    /usr/lib/x86_64-linux-gnu/libvorbis.so.0.4.5
7f3a7c6f6000-7f3a7c6f7000 rw-p 0002c000 fc:00 1846454                    /usr/lib/x86_64-linux-gnu/libvorbis.so.0.4.5
7f3a7c6f7000-7f3a7c700000 r-xp 00000000 fc:00 1848570                    /usr/lib/x86_64-linux-gnu/libltdl.so.7.3.0
7f3a7c700000-7f3a7c8ff000 ---p 00009000 fc:00 1848570                    /usr/lib/x86_64-linux-gnu/libltdl.so.7.3.0
7f3a7c8ff000-7f3a7c900000 r--p 00008000 fc:00 1848570                    /usr/lib/x86_64-linux-gnu/libltdl.so.7.3.0
7f3a7c900000-7f3a7c901000 rw-p 00009000 fc:00 1848570                    /usr/lib/x86_64-linux-gnu/libltdl.so.7.3.0
7f3a7c901000-7f3a7c911000 r-xp 00000000 fc:00 1848572                    /usr/lib/x86_64-linux-gnu/libtdb.so.1.2.10
7f3a7c911000-7f3a7cb11000 ---p 00010000 fc:00 1848572                    /usr/lib/x86_64-linux-gnu/libtdb.so.1.2.10
7f3a7cb11000-7f3a7cb12000 r--p 00010000 fc:00 1848572                    /usr/lib/x86_64-linux-gnu/libtdb.so.1.2.10
7f3a7cb12000-7f3a7cb13000 rw-p 00011000 fc:00 1848572                    /usr/lib/x86_64-linux-gnu/libtdb.so.1.2.10
7f3a7cb13000-7f3a7cb1a000 r-xp 00000000 fc:00 1846544                    /usr/lib/x86_64-linux-gnu/libvorbisfile.so.3.3.4
7f3a7cb1a000-7f3a7cd19000 ---p 00007000 fc:00 1846544                    /usr/lib/x86_64-linux-gnu/libvorbisfile.so.3.3.4
7f3a7cd19000-7f3a7cd1a000 r--p 00006000 fc:00 1846544                    /usr/lib/x86_64-linux-gnu/libvorbisfile.so.3.3.4
7f3a7cd1a000-7f3a7cd1b000 rw-p 00007000 fc:00 1846544                    /usr/lib/x86_64-linux-gnu/libvorbisfile.so.3.3.4
7f3a7cd1b000-7f3a7cd2a000 r-xp 00000000 fc:00 1848576                    /usr/lib/x86_64-linux-gnu/libcanberra.so.0.2.5
7f3a7cd2a000-7f3a7cf29000 ---p 0000f000 fc:00 1848576                    /usr/lib/x86_64-linux-gnu/libcanberra.so.0.2.5
7f3a7cf29000-7f3a7cf2a000 r--p 0000e000 fc:00 1848576                    /usr/lib/x86_64-linux-gnu/libcanberra.so.0.2.5
7f3a7cf2a000-7f3a7cf2b000 rw-p 0000f000 fc:00 1848576                    /usr/lib/x86_64-linux-gnu/libcanberra.so.0.2.5
7f3a7cf2b000-7f3a7cf2f000 r-xp 00000000 fc:00 1852292                    /usr/lib/x86_64-linux-gnu/libcanberra-gtk.so.0.1.9
7f3a7cf2f000-7f3a7d12e000 ---p 00004000 fc:00 1852292                    /usr/lib/x86_64-linux-gnu/libcanberra-gtk.so.0.1.9
7f3a7d12e000-7f3a7d12f000 r--p 00003000 fc:00 1852292                    /usr/lib/x86_64-linux-gnu/libcanberra-gtk.so.0.1.9
7f3a7d12f000-7f3a7d130000 rw-p 00004000 fc:00 1852292                    /usr/lib/x86_64-linux-gnu/libcanberra-gtk.so.0.1.9
7f3a7d130000-7f3a7d135000 r-xp 00000000 fc:00 1982195                    /usr/lib/x86_64-linux-gnu/gtk-2.0/modules/libcanberra-gtk-module.so
7f3a7d135000-7f3a7d334000 ---p 00005000 fc:00 1982195                    /usr/lib/x86_64-linux-gnu/gtk-2.0/modules/libcanberra-gtk-module.so
7f3a7d334000-7f3a7d335000 r--p 00004000 fc:00 1982195                    /usr/lib/x86_64-linux-gnu/gtk-2.0/modules/libcanberra-gtk-module.so
7f3a7d335000-7f3a7d336000 rw-p 00005000 fc:00 1982195                    /usr/lib/x86_64-linux-gnu/gtk-2.0/modules/libcanberra-gtk-module.so
7f3a7d336000-7f3a7d365000 r-xp 00000000 fc:00 1979451                    /usr/lib/x86_64-linux-gnu/gtk-2.0/2.10.0/engines/libmurrine.so
7f3a7d365000-7f3a7d565000 ---p 0002f000 fc:00 1979451                    /usr/lib/x86_64-linux-gnu/gtk-2.0/2.10.0/engines/libmurrine.so
7f3a7d565000-7f3a7d566000 r--p 0002f000 fc:00 1979451                    /usr/lib/x86_64-linux-gnu/gtk-2.0/2.10.0/engines/libmurrine.so
7f3a7d566000-7f3a7d567000 rw-p 00030000 fc:00 1979451                    /usr/lib/x86_64-linux-gnu/gtk-2.0/2.10.0/engines/libmurrine.so
7f3a7d567000-7f3a7d58f000 r-xp 00000000 00:25 849103                     /homes/zl2511/jdk1.8.0_05/jre/lib/amd64/libglass.so
7f3a7d58f000-7f3a7d78e000 ---p 00028000 00:25 849103                     /homes/zl2511/jdk1.8.0_05/jre/lib/amd64/libglass.so
7f3a7d78e000-7f3a7d790000 r--p 00027000 00:25 849103                     /homes/zl2511/jdk1.8.0_05/jre/lib/amd64/libglass.so
7f3a7d790000-7f3a7d791000 rw-p 00029000 00:25 849103                     /homes/zl2511/jdk1.8.0_05/jre/lib/amd64/libglass.so
7f3a7d791000-7f3a7d7a4000 r-xp 00000000 00:25 844837                     /homes/zl2511/jdk1.8.0_05/jre/lib/amd64/libprism_sw.so
7f3a7d7a4000-7f3a7d9a3000 ---p 00013000 00:25 844837                     /homes/zl2511/jdk1.8.0_05/jre/lib/amd64/libprism_sw.so
7f3a7d9a3000-7f3a7d9a4000 r--p 00012000 00:25 844837                     /homes/zl2511/jdk1.8.0_05/jre/lib/amd64/libprism_sw.so
7f3a7d9a4000-7f3a7d9a5000 rw-p 00013000 00:25 844837                     /homes/zl2511/jdk1.8.0_05/jre/lib/amd64/libprism_sw.so
7f3a7d9a5000-7f3a7d9d7000 r-xp 00000000 fc:00 1855676                    /usr/lib/x86_64-linux-gnu/libtxc_dxtn_s2tc.so.0.0.0
7f3a7d9d7000-7f3a7dbd6000 ---p 00032000 fc:00 1855676                    /usr/lib/x86_64-linux-gnu/libtxc_dxtn_s2tc.so.0.0.0
7f3a7dbd6000-7f3a7dbd7000 r--p 00031000 fc:00 1855676                    /usr/lib/x86_64-linux-gnu/libtxc_dxtn_s2tc.so.0.0.0
7f3a7dbd7000-7f3a7dbd8000 rw-p 00032000 fc:00 1855676                    /usr/lib/x86_64-linux-gnu/libtxc_dxtn_s2tc.so.0.0.0
7f3a7dbd8000-7f3a7dbe0000 r-xp 00000000 fc:00 1852788                    /usr/lib/x86_64-linux-gnu/libpciaccess.so.0.11.1
7f3a7dbe0000-7f3a7dddf000 ---p 00008000 fc:00 1852788                    /usr/lib/x86_64-linux-gnu/libpciaccess.so.0.11.1
7f3a7dddf000-7f3a7dde0000 r--p 00007000 fc:00 1852788                    /usr/lib/x86_64-linux-gnu/libpciaccess.so.0.11.1
7f3a7dde0000-7f3a7dde1000 rw-p 00008000 fc:00 1852788                    /usr/lib/x86_64-linux-gnu/libpciaccess.so.0.11.1
7f3a7dde1000-7f3a7de01000 r-xp 00000000 fc:00 1837165                    /usr/lib/x86_64-linux-gnu/libdrm_intel.so.1.0.0
7f3a7de01000-7f3a7e000000 ---p 00020000 fc:00 1837165                    /usr/lib/x86_64-linux-gnu/libdrm_intel.so.1.0.0
7f3a7e000000-7f3a7e001000 r--p 0001f000 fc:00 1837165                    /usr/lib/x86_64-linux-gnu/libdrm_intel.so.1.0.0
7f3a7e001000-7f3a7e002000 rw-p 00020000 fc:00 1837165                    /usr/lib/x86_64-linux-gnu/libdrm_intel.so.1.0.0
7f3a7e002000-7f3a7e393000 r-xp 00000000 fc:00 1847852                    /usr/lib/x86_64-linux-gnu/libdricore9.1.7.so.1.0.0
7f3a7e393000-7f3a7e593000 ---p 00391000 fc:00 1847852                    /usr/lib/x86_64-linux-gnu/libdricore9.1.7.so.1.0.0
7f3a7e593000-7f3a7e5a4000 r--p 00391000 fc:00 1847852                    /usr/lib/x86_64-linux-gnu/libdricore9.1.7.so.1.0.0
7f3a7e5a4000-7f3a7e5ac000 rw-p 003a2000 fc:00 1847852                    /usr/lib/x86_64-linux-gnu/libdricore9.1.7.so.1.0.0
7f3a7e5ac000-7f3a7e5c2000 rw-p 00000000 00:00 0 
7f3a7e5c2000-7f3a7e680000 r-xp 00000000 fc:00 1847848                    /usr/lib/x86_64-linux-gnu/dri/i965_dri.so
7f3a7e680000-7f3a7e880000 ---p 000be000 fc:00 1847848                    /usr/lib/x86_64-linux-gnu/dri/i965_dri.so
7f3a7e880000-7f3a7e883000 r--p 000be000 fc:00 1847848                    /usr/lib/x86_64-linux-gnu/dri/i965_dri.so
7f3a7e883000-7f3a7e885000 rw-p 000c1000 fc:00 1847848                    /usr/lib/x86_64-linux-gnu/dri/i965_dri.so
7f3a7e885000-7f3a7e886000 rw-p 00000000 00:00 0 
7f3a7e886000-7f3a7f9f5000 r-xp 00000000 fc:00 1847952                    /usr/lib/x86_64-linux-gnu/libicudata.so.48.1.1
7f3a7f9f5000-7f3a7fbf4000 ---p 0116f000 fc:00 1847952                    /usr/lib/x86_64-linux-gnu/libicudata.so.48.1.1
7f3a7fbf4000-7f3a7fbf5000 r--p 0116e000 fc:00 1847952                    /usr/lib/x86_64-linux-gnu/libicudata.so.48.1.1
7f3a7fbf5000-7f3a7fbf6000 rw-p 0116f000 fc:00 1847952                    /usr/lib/x86_64-linux-gnu/libicudata.so.48.1.1
7f3a7fbf6000-7f3a7fbfb000 r-xp 00000000 fc:00 1843178                    /usr/lib/x86_64-linux-gnu/libXdmcp.so.6.0.0
7f3a7fbfb000-7f3a7fdfa000 ---p 00005000 fc:00 1843178                    /usr/lib/x86_64-linux-gnu/libXdmcp.so.6.0.0
7f3a7fdfa000-7f3a7fdfb000 r--p 00004000 fc:00 1843178                    /usr/lib/x86_64-linux-gnu/libXdmcp.so.6.0.0
7f3a7fdfb000-7f3a7fdfc000 rw-p 00005000 fc:00 1843178                    /usr/lib/x86_64-linux-gnu/libXdmcp.so.6.0.0
7f3a7fdfc000-7f3a7fdfe000 r-xp 00000000 fc:00 1843170                    /usr/lib/x86_64-linux-gnu/libXau.so.6.0.0
7f3a7fdfe000-7f3a7fffe000 ---p 00002000 fc:00 1843170                    /usr/lib/x86_64-linux-gnu/libXau.so.6.0.0
7f3a7fffe000-7f3a7ffff000 r--p 00002000 fc:00 1843170                    /usr/lib/x86_64-linux-gnu/libXau.so.6.0.0
7f3a7ffff000-7f3a80000000 rw-p 00003000 fc:00 1843170                    /usr/lib/x86_64-linux-gnu/libXau.so.6.0.0
7f3a80000000-7f3a80021000 rw-p 00000000 00:00 0 
7f3a80021000-7f3a84000000 ---p 00000000 00:00 0 
7f3a84009000-7f3a8400a000 r--p 00000000 00:00 0 
7f3a8400a000-7f3a8401d000 r--s 00345000 00:25 842008                     /homes/zl2511/jdk1.8.0_05/jre/lib/resources.jar
7f3a8401d000-7f3a8401e000 r--s 00000000 fc:02 4211315                    /var/cache/fontconfig/c05880de57d1f5e948fdfacc138775d9-le64.cache-3
7f3a8401e000-7f3a84027000 r--s 00000000 fc:02 4211314                    /var/cache/fontconfig/945677eb7aeaf62f1d50efc3fb3ec7d8-le64.cache-3
7f3a84027000-7f3a84029000 r--s 00000000 fc:02 4211312                    /var/cache/fontconfig/99e8ed0e538f840c565b6ed5dad60d56-le64.cache-3
7f3a84029000-7f3a8402c000 r--s 00000000 fc:02 4211311                    /var/cache/fontconfig/f24b2111ab8703b4e963115a8cf14259-le64.cache-3
7f3a8402c000-7f3a84034000 r--s 00000000 fc:02 4211310                    /var/cache/fontconfig/a6d8cf8e4ec09cdbc8633c31745a07dd-le64.cache-3
7f3a84034000-7f3a84039000 r--s 00000000 fc:02 4211309                    /var/cache/fontconfig/2cd17615ca594fa2959ae173292e504c-le64.cache-3
7f3a84039000-7f3a8403a000 r--s 00000000 fc:02 4211308                    /var/cache/fontconfig/e7071f4a29fa870f4323321c154eba04-le64.cache-3
7f3a8403a000-7f3a8403f000 r--s 00000000 fc:02 4211306                    /var/cache/fontconfig/6eb3985aa4124903f6ff08ba781cd364-le64.cache-3
7f3a8403f000-7f3a84048000 r--s 00000000 fc:02 4211303                    /var/cache/fontconfig/6d41288fd70b0be22e8c3a91e032eec0-le64.cache-3
7f3a84048000-7f3a84058000 r--s 00000000 fc:02 4211302                    /var/cache/fontconfig/04aabc0a78ac019cf9454389977116d2-le64.cache-3
7f3a84058000-7f3a8405b000 ---p 00000000 00:00 0 
7f3a8405b000-7f3a84159000 rw-p 00000000 00:00 0                          [stack:28925]
7f3a84159000-7f3a842af000 r-xp 00000000 fc:00 1848845                    /usr/lib/x86_64-linux-gnu/libicuuc.so.48.1.1
7f3a842af000-7f3a844ae000 ---p 00156000 fc:00 1848845                    /usr/lib/x86_64-linux-gnu/libicuuc.so.48.1.1
7f3a844ae000-7f3a844bf000 r--p 00155000 fc:00 1848845                    /usr/lib/x86_64-linux-gnu/libicuuc.so.48.1.1
7f3a844bf000-7f3a844c0000 rw-p 00166000 fc:00 1848845                    /usr/lib/x86_64-linux-gnu/libicuuc.so.48.1.1
7f3a844c0000-7f3a844c4000 rw-p 00000000 00:00 0 
7f3a844c4000-7f3a844f6000 r-xp 00000000 fc:00 1847954                    /usr/lib/x86_64-linux-gnu/libicule.so.48.1.1
7f3a844f6000-7f3a846f6000 ---p 00032000 fc:00 1847954                    /usr/lib/x86_64-linux-gnu/libicule.so.48.1.1
7f3a846f6000-7f3a846f8000 r--p 00032000 fc:00 1847954                    /usr/lib/x86_64-linux-gnu/libicule.so.48.1.1
7f3a846f8000-7f3a846f9000 rw-p 00034000 fc:00 1847954                    /usr/lib/x86_64-linux-gnu/libicule.so.48.1.1
7f3a846f9000-7f3a84703000 r-xp 00000000 fc:00 1835704                    /usr/lib/x86_64-linux-gnu/libdrm.so.2.4.0
7f3a84703000-7f3a84903000 ---p 0000a000 fc:00 1835704                    /usr/lib/x86_64-linux-gnu/libdrm.so.2.4.0
7f3a84903000-7f3a84904000 r--p 0000a000 fc:00 1835704                    /usr/lib/x86_64-linux-gnu/libdrm.so.2.4.0
7f3a84904000-7f3a84905000 rw-p 0000b000 fc:00 1835704                    /usr/lib/x86_64-linux-gnu/libdrm.so.2.4.0
7f3a84905000-7f3a84908000 r-xp 00000000 fc:00 1847251                    /usr/lib/x86_64-linux-gnu/libxcb-dri2.so.0.0.0
7f3a84908000-7f3a84b08000 ---p 00003000 fc:00 1847251                    /usr/lib/x86_64-linux-gnu/libxcb-dri2.so.0.0.0
7f3a84b08000-7f3a84b09000 r--p 00003000 fc:00 1847251                    /usr/lib/x86_64-linux-gnu/libxcb-dri2.so.0.0.0
7f3a84b09000-7f3a84b0a000 rw-p 00004000 fc:00 1847251                    /usr/lib/x86_64-linux-gnu/libxcb-dri2.so.0.0.0
7f3a84b0a000-7f3a84b1f000 r-xp 00000000 fc:00 1847254                    /usr/lib/x86_64-linux-gnu/libxcb-glx.so.0.0.0
7f3a84b1f000-7f3a84d1e000 ---p 00015000 fc:00 1847254                    /usr/lib/x86_64-linux-gnu/libxcb-glx.so.0.0.0
7f3a84d1e000-7f3a84d20000 r--p 00014000 fc:00 1847254                    /usr/lib/x86_64-linux-gnu/libxcb-glx.so.0.0.0
7f3a84d20000-7f3a84d21000 rw-p 00016000 fc:00 1847254                    /usr/lib/x86_64-linux-gnu/libxcb-glx.so.0.0.0
7f3a84d21000-7f3a84d22000 r-xp 00000000 fc:00 1847244                    /usr/lib/x86_64-linux-gnu/libX11-xcb.so.1.0.0
7f3a84d22000-7f3a84f21000 ---p 00001000 fc:00 1847244                    /usr/lib/x86_64-linux-gnu/libX11-xcb.so.1.0.0
7f3a84f21000-7f3a84f22000 r--p 00000000 fc:00 1847244                    /usr/lib/x86_64-linux-gnu/libX11-xcb.so.1.0.0
7f3a84f22000-7f3a84f23000 rw-p 00001000 fc:00 1847244                    /usr/lib/x86_64-linux-gnu/libX11-xcb.so.1.0.0
7f3a84f23000-7f3a84f44000 r-xp 00000000 fc:00 1847240                    /usr/lib/x86_64-linux-gnu/libglapi.so.0.0.0
7f3a84f44000-7f3a85143000 ---p 00021000 fc:00 1847240                    /usr/lib/x86_64-linux-gnu/libglapi.so.0.0.0
7f3a85143000-7f3a85146000 r--p 00020000 fc:00 1847240                    /usr/lib/x86_64-linux-gnu/libglapi.so.0.0.0
7f3a85146000-7f3a85147000 rw-p 00023000 fc:00 1847240                    /usr/lib/x86_64-linux-gnu/libglapi.so.0.0.0
7f3a85147000-7f3a85148000 rw-p 00000000 00:00 0 
7f3a85148000-7f3a85185000 r-xp 00000000 fc:00 524385                     /lib/x86_64-linux-gnu/libpcre.so.3.13.1
7f3a85185000-7f3a85385000 ---p 0003d000 fc:00 524385                     /lib/x86_64-linux-gnu/libpcre.so.3.13.1
7f3a85385000-7f3a85386000 r--p 0003d000 fc:00 524385                     /lib/x86_64-linux-gnu/libpcre.so.3.13.1
7f3a85386000-7f3a85387000 rw-p 0003e000 fc:00 524385                     /lib/x86_64-linux-gnu/libpcre.so.3.13.1
7f3a85387000-7f3a8538e000 r-xp 00000000 fc:00 1835714                    /usr/lib/x86_64-linux-gnu/libffi.so.6.0.1
7f3a8538e000-7f3a8558d000 ---p 00007000 fc:00 1835714                    /usr/lib/x86_64-linux-gnu/libffi.so.6.0.1
7f3a8558d000-7f3a8558e000 r--p 00006000 fc:00 1835714                    /usr/lib/x86_64-linux-gnu/libffi.so.6.0.1
7f3a8558e000-7f3a8558f000 rw-p 00007000 fc:00 1835714                    /usr/lib/x86_64-linux-gnu/libffi.so.6.0.1
7f3a8558f000-7f3a855b5000 r-xp 00000000 fc:00 524559                     /lib/x86_64-linux-gnu/libexpat.so.1.6.0
7f3a855b5000-7f3a857b5000 ---p 00026000 fc:00 524559                     /lib/x86_64-linux-gnu/libexpat.so.1.6.0
7f3a857b5000-7f3a857b7000 r--p 00026000 fc:00 524559                     /lib/x86_64-linux-gnu/libexpat.so.1.6.0
7f3a857b7000-7f3a857b8000 rw-p 00028000 fc:00 524559                     /lib/x86_64-linux-gnu/libexpat.so.1.6.0
7f3a857b8000-7f3a857d5000 r-xp 00000000 fc:00 1836920                    /usr/lib/x86_64-linux-gnu/libxcb.so.1.1.0
7f3a857d5000-7f3a859d4000 ---p 0001d000 fc:00 1836920                    /usr/lib/x86_64-linux-gnu/libxcb.so.1.1.0
7f3a859d4000-7f3a859d5000 r--p 0001c000 fc:00 1836920                    /usr/lib/x86_64-linux-gnu/libxcb.so.1.1.0
7f3a859d5000-7f3a859d6000 rw-p 0001d000 fc:00 1836920                    /usr/lib/x86_64-linux-gnu/libxcb.so.1.1.0
7f3a859d6000-7f3a859de000 r-xp 00000000 fc:00 1846263                    /usr/lib/x86_64-linux-gnu/libxcb-render.so.0.0.0
7f3a859de000-7f3a85bde000 ---p 00008000 fc:00 1846263                    /usr/lib/x86_64-linux-gnu/libxcb-render.so.0.0.0
7f3a85bde000-7f3a85bdf000 r--p 00008000 fc:00 1846263                    /usr/lib/x86_64-linux-gnu/libxcb-render.so.0.0.0
7f3a85bdf000-7f3a85be0000 rw-p 00009000 fc:00 1846263                    /usr/lib/x86_64-linux-gnu/libxcb-render.so.0.0.0
7f3a85be0000-7f3a85be2000 r-xp 00000000 fc:00 1846265                    /usr/lib/x86_64-linux-gnu/libxcb-shm.so.0.0.0
7f3a85be2000-7f3a85de1000 ---p 00002000 fc:00 1846265                    /usr/lib/x86_64-linux-gnu/libxcb-shm.so.0.0.0
7f3a85de1000-7f3a85de2000 r--p 00001000 fc:00 1846265                    /usr/lib/x86_64-linux-gnu/libxcb-shm.so.0.0.0
7f3a85de2000-7f3a85de3000 rw-p 00002000 fc:00 1846265                    /usr/lib/x86_64-linux-gnu/libxcb-shm.so.0.0.0
7f3a85de3000-7f3a85e08000 r-xp 00000000 fc:00 524394                     /lib/x86_64-linux-gnu/libpng12.so.0.49.0
7f3a85e08000-7f3a86007000 ---p 00025000 fc:00 524394                     /lib/x86_64-linux-gnu/libpng12.so.0.49.0
7f3a86007000-7f3a86008000 r--p 00024000 fc:00 524394                     /lib/x86_64-linux-gnu/libpng12.so.0.49.0
7f3a86008000-7f3a86009000 rw-p 00025000 fc:00 524394                     /lib/x86_64-linux-gnu/libpng12.so.0.49.0
7f3a86009000-7f3a860ab000 r-xp 00000000 fc:00 1846262                    /usr/lib/x86_64-linux-gnu/libpixman-1.so.0.30.2
7f3a860ab000-7f3a862ab000 ---p 000a2000 fc:00 1846262                    /usr/lib/x86_64-linux-gnu/libpixman-1.so.0.30.2
7f3a862ab000-7f3a862b2000 r--p 000a2000 fc:00 1846262                    /usr/lib/x86_64-linux-gnu/libpixman-1.so.0.30.2
7f3a862b2000-7f3a862b3000 rw-p 000a9000 fc:00 1846262                    /usr/lib/x86_64-linux-gnu/libpixman-1.so.0.30.2
7f3a862b3000-7f3a86348000 r-xp 00000000 fc:00 1846288                    /usr/lib/x86_64-linux-gnu/libharfbuzz.so.0.913.0
7f3a86348000-7f3a86547000 ---p 00095000 fc:00 1846288                    /usr/lib/x86_64-linux-gnu/libharfbuzz.so.0.913.0
7f3a86547000-7f3a86549000 r--p 00094000 fc:00 1846288                    /usr/lib/x86_64-linux-gnu/libharfbuzz.so.0.913.0
7f3a86549000-7f3a8654a000 rw-p 00096000 fc:00 1846288                    /usr/lib/x86_64-linux-gnu/libharfbuzz.so.0.913.0
7f3a8654a000-7f3a86560000 r-xp 00000000 fc:00 527139                     /lib/x86_64-linux-gnu/libresolv-2.17.so
7f3a86560000-7f3a86760000 ---p 00016000 fc:00 527139                     /lib/x86_64-linux-gnu/libresolv-2.17.so
7f3a86760000-7f3a86761000 r--p 00016000 fc:00 527139                     /lib/x86_64-linux-gnu/libresolv-2.17.so
7f3a86761000-7f3a86762000 rw-p 00017000 fc:00 527139                     /lib/x86_64-linux-gnu/libresolv-2.17.so
7f3a86762000-7f3a86764000 rw-p 00000000 00:00 0 
7f3a86764000-7f3a86781000 r-xp 00000000 fc:00 524401                     /lib/x86_64-linux-gnu/libselinux.so.1
7f3a86781000-7f3a86980000 ---p 0001d000 fc:00 524401                     /lib/x86_64-linux-gnu/libselinux.so.1
7f3a86980000-7f3a86981000 r--p 0001c000 fc:00 524401                     /lib/x86_64-linux-gnu/libselinux.so.1
7f3a86981000-7f3a86982000 rw-p 0001d000 fc:00 524401                     /lib/x86_64-linux-gnu/libselinux.so.1
7f3a86982000-7f3a86983000 rw-p 00000000 00:00 0 
7f3a86983000-7f3a86999000 r-xp 00000000 fc:00 524531                     /lib/x86_64-linux-gnu/libz.so.1.2.7
7f3a86999000-7f3a86b98000 ---p 00016000 fc:00 524531                     /lib/x86_64-linux-gnu/libz.so.1.2.7
7f3a86b98000-7f3a86b99000 r--p 00015000 fc:00 524531                     /lib/x86_64-linux-gnu/libz.so.1.2.7
7f3a86b99000-7f3a86b9a000 rw-p 00016000 fc:00 524531                     /lib/x86_64-linux-gnu/libz.so.1.2.7
7f3a86b9a000-7f3a86bab000 r-xp 00000000 fc:00 1845957                    /usr/lib/x86_64-linux-gnu/libXext.so.6.4.0
7f3a86bab000-7f3a86daa000 ---p 00011000 fc:00 1845957                    /usr/lib/x86_64-linux-gnu/libXext.so.6.4.0
7f3a86daa000-7f3a86dab000 r--p 00010000 fc:00 1845957                    /usr/lib/x86_64-linux-gnu/libXext.so.6.4.0
7f3a86dab000-7f3a86dac000 rw-p 00011000 fc:00 1845957                    /usr/lib/x86_64-linux-gnu/libXext.so.6.4.0
7f3a86dac000-7f3a86dae000 r-xp 00000000 fc:00 1846396                    /usr/lib/x86_64-linux-gnu/libXdamage.so.1.1.0
7f3a86dae000-7f3a86fad000 ---p 00002000 fc:00 1846396                    /usr/lib/x86_64-linux-gnu/libXdamage.so.1.1.0
7f3a86fad000-7f3a86fae000 r--p 00001000 fc:00 1846396                    /usr/lib/x86_64-linux-gnu/libXdamage.so.1.1.0
7f3a86fae000-7f3a86faf000 rw-p 00002000 fc:00 1846396                    /usr/lib/x86_64-linux-gnu/libXdamage.so.1.1.0
7f3a86faf000-7f3a86fb1000 r-xp 00000000 fc:00 1846390                    /usr/lib/x86_64-linux-gnu/libXcomposite.so.1.0.0
7f3a86fb1000-7f3a871b0000 ---p 00002000 fc:00 1846390                    /usr/lib/x86_64-linux-gnu/libXcomposite.so.1.0.0
7f3a871b0000-7f3a871b1000 r--p 00001000 fc:00 1846390                    /usr/lib/x86_64-linux-gnu/libXcomposite.so.1.0.0
7f3a871b1000-7f3a871b2000 rw-p 00002000 fc:00 1846390                    /usr/lib/x86_64-linux-gnu/libXcomposite.so.1.0.0
7f3a871b2000-7f3a871bb000 r-xp 00000000 fc:00 1846394                    /usr/lib/x86_64-linux-gnu/libXcursor.so.1.0.2
7f3a871bb000-7f3a873bb000 ---p 00009000 fc:00 1846394                    /usr/lib/x86_64-linux-gnu/libXcursor.so.1.0.2
7f3a873bb000-7f3a873bc000 r--p 00009000 fc:00 1846394                    /usr/lib/x86_64-linux-gnu/libXcursor.so.1.0.2
7f3a873bc000-7f3a873bd000 rw-p 0000a000 fc:00 1846394                    /usr/lib/x86_64-linux-gnu/libXcursor.so.1.0.2
7f3a873bd000-7f3a873c6000 r-xp 00000000 fc:00 1846404                    /usr/lib/x86_64-linux-gnu/libXrandr.so.2.2.0
7f3a873c6000-7f3a875c5000 ---p 00009000 fc:00 1846404                    /usr/lib/x86_64-linux-gnu/libXrandr.so.2.2.0
7f3a875c5000-7f3a875c6000 r--p 00008000 fc:00 1846404                    /usr/lib/x86_64-linux-gnu/libXrandr.so.2.2.0
7f3a875c6000-7f3a875c7000 rw-p 00009000 fc:00 1846404                    /usr/lib/x86_64-linux-gnu/libXrandr.so.2.2.0
7f3a875c7000-7f3a875d5000 r-xp 00000000 fc:00 1846398                    /usr/lib/x86_64-linux-gnu/libXi.so.6.1.0
7f3a875d5000-7f3a877d5000 ---p 0000e000 fc:00 1846398                    /usr/lib/x86_64-linux-gnu/libXi.so.6.1.0
7f3a877d5000-7f3a877d6000 r--p 0000e000 fc:00 1846398                    /usr/lib/x86_64-linux-gnu/libXi.so.6.1.0
7f3a877d6000-7f3a877d7000 rw-p 0000f000 fc:00 1846398                    /usr/lib/x86_64-linux-gnu/libXi.so.6.1.0
7f3a877d7000-7f3a877d9000 r-xp 00000000 fc:00 1846400                    /usr/lib/x86_64-linux-gnu/libXinerama.so.1.0.0
7f3a877d9000-7f3a879d8000 ---p 00002000 fc:00 1846400                    /usr/lib/x86_64-linux-gnu/libXinerama.so.1.0.0
7f3a879d8000-7f3a879d9000 r--p 00001000 fc:00 1846400                    /usr/lib/x86_64-linux-gnu/libXinerama.so.1.0.0
7f3a879d9000-7f3a879da000 rw-p 00002000 fc:00 1846400                    /usr/lib/x86_64-linux-gnu/libXinerama.so.1.0.0
7f3a879da000-7f3a879e3000 r-xp 00000000 fc:00 1846267                    /usr/lib/x86_64-linux-gnu/libXrender.so.1.3.0
7f3a879e3000-7f3a87be2000 ---p 00009000 fc:00 1846267                    /usr/lib/x86_64-linux-gnu/libXrender.so.1.3.0
7f3a87be2000-7f3a87be3000 r--p 00008000 fc:00 1846267                    /usr/lib/x86_64-linux-gnu/libXrender.so.1.3.0
7f3a87be3000-7f3a87be4000 rw-p 00009000 fc:00 1846267                    /usr/lib/x86_64-linux-gnu/libXrender.so.1.3.0
7f3a87be4000-7f3a87be9000 r-xp 00000000 fc:00 1846392                    /usr/lib/x86_64-linux-gnu/libXfixes.so.3.1.0
7f3a87be9000-7f3a87de8000 ---p 00005000 fc:00 1846392                    /usr/lib/x86_64-linux-gnu/libXfixes.so.3.1.0
7f3a87de8000-7f3a87de9000 r--p 00004000 fc:00 1846392                    /usr/lib/x86_64-linux-gnu/libXfixes.so.3.1.0
7f3a87de9000-7f3a87dea000 rw-p 00005000 fc:00 1846392                    /usr/lib/x86_64-linux-gnu/libXfixes.so.3.1.0
7f3a87dea000-7f3a87dfe000 r-xp 00000000 fc:00 524347                     /lib/x86_64-linux-gnu/libgcc_s.so.1
7f3a87dfe000-7f3a87ffe000 ---p 00014000 fc:00 524347                     /lib/x86_64-linux-gnu/libgcc_s.so.1
7f3a87ffe000-7f3a87fff000 r--p 00014000 fc:00 524347                     /lib/x86_64-linux-gnu/libgcc_s.so.1
7f3a87fff000-7f3a88000000 rw-p 00015000 fc:00 524347                     /lib/x86_64-linux-gnu/libgcc_s.so.1
7f3a88000000-7f3a88021000 rw-p 00000000 00:00 0 
7f3a88021000-7f3a8c000000 ---p 00000000 00:00 0 
7f3a8c000000-7f3a8c001000 r--s 00000000 fc:02 4211307                    /var/cache/fontconfig/617957603a337376ca8784972c6029f5-le64.cache-3
7f3a8c001000-7f3a8c002000 r--s 00000000 fc:02 4211305                    /var/cache/fontconfig/0d8c3b2ac0904cb8a57a757ad11a4a08-le64.cache-3
7f3a8c002000-7f3a8c008000 r--s 00000000 fc:02 4211304                    /var/cache/fontconfig/a755afe4a08bf5b97852ceb7400b47bc-le64.cache-3
7f3a8c008000-7f3a8c009000 r--s 00000000 fc:02 4211301                    /var/cache/fontconfig/1ac9eb803944fde146138c791f5cc56a-le64.cache-3
7f3a8c009000-7f3a8c00c000 r--s 00000000 fc:02 4211300                    /var/cache/fontconfig/385c0604a188198f04d133e54aba7fe7-le64.cache-3
7f3a8c00c000-7f3a8c00d000 r--s 00000000 fc:02 4211299                    /var/cache/fontconfig/9c956a7723ca69a44b382d9179c9802f-le64.cache-3
7f3a8c00d000-7f3a8c00e000 r--s 00000000 fc:02 4211298                    /var/cache/fontconfig/dc05db6664285cc2f12bf69c139ae4c3-le64.cache-3
7f3a8c00e000-7f3a8c010000 r--s 00000000 fc:02 4211297                    /var/cache/fontconfig/767a8244fc0220cfb567a839d0392e0b-le64.cache-3
7f3a8c010000-7f3a8c011000 r--s 00000000 fc:02 4211296                    /var/cache/fontconfig/4794a0821666d79190d59a36cb4f44b5-le64.cache-3
7f3a8c011000-7f3a8c012000 r--s 00000000 fc:02 4208998                    /var/cache/fontconfig/9eae20f1ff8cc0a7d125749e875856bd-le64.cache-3
7f3a8c012000-7f3a8c014000 r--s 00000000 fc:02 4211295                    /var/cache/fontconfig/bf2c1853a9e9b00bb02fe2e9bcf1e201-le64.cache-3
7f3a8c014000-7f3a8c017000 r--s 00000000 fc:02 4211294                    /var/cache/fontconfig/8801497958630a81b71ace7c5f9b32a8-le64.cache-3
7f3a8c017000-7f3a8c045000 r--s 00000000 fc:02 4211259                    /var/cache/fontconfig/365b55f210c0a22e9a19e35191240f32-le64.cache-3
7f3a8c045000-7f3a8c055000 r--s 00000000 fc:02 4211293                    /var/cache/fontconfig/0803af20a7ba402d0f8dfc574e6f6639-le64.cache-3
7f3a8c055000-7f3a8c058000 r--s 00000000 fc:02 4211292                    /var/cache/fontconfig/c57959a16110560c8d0fcea73374aeeb-le64.cache-3
7f3a8c058000-7f3a8c05d000 r--s 00000000 fc:02 4211291                    /var/cache/fontconfig/3047814df9a2f067bd2d96a2b9c36e5a-le64.cache-3
7f3a8c05d000-7f3a8c05e000 r--s 00000000 fc:02 4211290                    /var/cache/fontconfig/56cf4f4769d0f4abc89a4895d7bd3ae1-le64.cache-3
7f3a8c05e000-7f3a8c063000 r--s 00000000 fc:02 4211288                    /var/cache/fontconfig/b47c4e1ecd0709278f4910c18777a504-le64.cache-3
7f3a8c063000-7f3a8c066000 r--s 00000000 fc:02 4211287                    /var/cache/fontconfig/14d493b97896515cad3840ba4896e372-le64.cache-3
7f3a8c066000-7f3a8c06e000 r--s 00000000 fc:02 4211285                    /var/cache/fontconfig/52f7bdb7ce746bfd7eaa1985bd9cfa93-le64.cache-3
7f3a8c06e000-7f3a8c07f000 r--s 00000000 fc:02 4211282                    /var/cache/fontconfig/d52a8644073d54c13679302ca1180695-le64.cache-3
7f3a8c07f000-7f3a8c082000 ---p 00000000 00:00 0 
7f3a8c082000-7f3a8c180000 rw-p 00000000 00:00 0                          [stack:28924]
7f3a8c180000-7f3a8c265000 r-xp 00000000 fc:00 1843016                    /usr/lib/x86_64-linux-gnu/libstdc++.so.6.0.17
7f3a8c265000-7f3a8c464000 ---p 000e5000 fc:00 1843016                    /usr/lib/x86_64-linux-gnu/libstdc++.so.6.0.17
7f3a8c464000-7f3a8c46c000 r--p 000e4000 fc:00 1843016                    /usr/lib/x86_64-linux-gnu/libstdc++.so.6.0.17
7f3a8c46c000-7f3a8c46e000 rw-p 000ec000 fc:00 1843016                    /usr/lib/x86_64-linux-gnu/libstdc++.so.6.0.17
7f3a8c46e000-7f3a8c483000 rw-p 00000000 00:00 0 
7f3a8c483000-7f3a8c4dd000 r-xp 00000000 fc:00 1969755                    /usr/lib/x86_64-linux-gnu/mesa/libGL.so.1.2.0
7f3a8c4dd000-7f3a8c6dd000 ---p 0005a000 fc:00 1969755                    /usr/lib/x86_64-linux-gnu/mesa/libGL.so.1.2.0
7f3a8c6dd000-7f3a8c6df000 r--p 0005a000 fc:00 1969755                    /usr/lib/x86_64-linux-gnu/mesa/libGL.so.1.2.0
7f3a8c6df000-7f3a8c6e0000 rw-p 0005c000 fc:00 1969755                    /usr/lib/x86_64-linux-gnu/mesa/libGL.so.1.2.0
7f3a8c6e0000-7f3a8c6e1000 rw-p 00000000 00:00 0 
7f3a8c6e1000-7f3a8c6e5000 r-xp 00000000 fc:00 1847256                    /usr/lib/x86_64-linux-gnu/libXxf86vm.so.1.0.0
7f3a8c6e5000-7f3a8c8e5000 ---p 00004000 fc:00 1847256                    /usr/lib/x86_64-linux-gnu/libXxf86vm.so.1.0.0
7f3a8c8e5000-7f3a8c8e6000 r--p 00004000 fc:00 1847256                    /usr/lib/x86_64-linux-gnu/libXxf86vm.so.1.0.0
7f3a8c8e6000-7f3a8c8e7000 rw-p 00005000 fc:00 1847256                    /usr/lib/x86_64-linux-gnu/libXxf86vm.so.1.0.0
7f3a8c8e7000-7f3a8ca1b000 r-xp 00000000 fc:00 1836922                    /usr/lib/x86_64-linux-gnu/libX11.so.6.3.0
7f3a8ca1b000-7f3a8cc1b000 ---p 00134000 fc:00 1836922                    /usr/lib/x86_64-linux-gnu/libX11.so.6.3.0
7f3a8cc1b000-7f3a8cc1c000 r--p 00134000 fc:00 1836922                    /usr/lib/x86_64-linux-gnu/libX11.so.6.3.0
7f3a8cc1c000-7f3a8cc21000 rw-p 00135000 fc:00 1836922                    /usr/lib/x86_64-linux-gnu/libX11.so.6.3.0
7f3a8cc21000-7f3a8cc26000 r-xp 00000000 fc:00 1846410                    /usr/lib/x86_64-linux-gnu/libXtst.so.6.1.0
7f3a8cc26000-7f3a8ce25000 ---p 00005000 fc:00 1846410                    /usr/lib/x86_64-linux-gnu/libXtst.so.6.1.0
7f3a8ce25000-7f3a8ce26000 r--p 00004000 fc:00 1846410                    /usr/lib/x86_64-linux-gnu/libXtst.so.6.1.0
7f3a8ce26000-7f3a8ce27000 rw-p 00005000 fc:00 1846410                    /usr/lib/x86_64-linux-gnu/libXtst.so.6.1.0
7f3a8ce27000-7f3a8cf20000 r-xp 00000000 fc:00 524349                     /lib/x86_64-linux-gnu/libglib-2.0.so.0.3600.0
7f3a8cf20000-7f3a8d120000 ---p 000f9000 fc:00 524349                     /lib/x86_64-linux-gnu/libglib-2.0.so.0.3600.0
7f3a8d120000-7f3a8d121000 r--p 000f9000 fc:00 524349                     /lib/x86_64-linux-gnu/libglib-2.0.so.0.3600.0
7f3a8d121000-7f3a8d122000 rw-p 000fa000 fc:00 524349                     /lib/x86_64-linux-gnu/libglib-2.0.so.0.3600.0
7f3a8d122000-7f3a8d123000 rw-p 00000000 00:00 0 
7f3a8d123000-7f3a8d124000 r-xp 00000000 fc:00 1835725                    /usr/lib/x86_64-linux-gnu/libgthread-2.0.so.0.3600.0
7f3a8d124000-7f3a8d323000 ---p 00001000 fc:00 1835725                    /usr/lib/x86_64-linux-gnu/libgthread-2.0.so.0.3600.0
7f3a8d323000-7f3a8d324000 r--p 00000000 fc:00 1835725                    /usr/lib/x86_64-linux-gnu/libgthread-2.0.so.0.3600.0
7f3a8d324000-7f3a8d325000 rw-p 00001000 fc:00 1835725                    /usr/lib/x86_64-linux-gnu/libgthread-2.0.so.0.3600.0
7f3a8d325000-7f3a8d328000 r-xp 00000000 fc:00 1835723                    /usr/lib/x86_64-linux-gnu/libgmodule-2.0.so.0.3600.0
7f3a8d328000-7f3a8d527000 ---p 00003000 fc:00 1835723                    /usr/lib/x86_64-linux-gnu/libgmodule-2.0.so.0.3600.0
7f3a8d527000-7f3a8d528000 r--p 00002000 fc:00 1835723                    /usr/lib/x86_64-linux-gnu/libgmodule-2.0.so.0.3600.0
7f3a8d528000-7f3a8d529000 rw-p 00003000 fc:00 1835723                    /usr/lib/x86_64-linux-gnu/libgmodule-2.0.so.0.3600.0
7f3a8d529000-7f3a8d576000 r-xp 00000000 fc:00 1835724                    /usr/lib/x86_64-linux-gnu/libgobject-2.0.so.0.3600.0
7f3a8d576000-7f3a8d776000 ---p 0004d000 fc:00 1835724                    /usr/lib/x86_64-linux-gnu/libgobject-2.0.so.0.3600.0
7f3a8d776000-7f3a8d777000 r--p 0004d000 fc:00 1835724                    /usr/lib/x86_64-linux-gnu/libgobject-2.0.so.0.3600.0
7f3a8d777000-7f3a8d778000 rw-p 0004e000 fc:00 1835724                    /usr/lib/x86_64-linux-gnu/libgobject-2.0.so.0.3600.0
7f3a8d778000-7f3a8d7af000 r-xp 00000000 fc:00 1846259                    /usr/lib/x86_64-linux-gnu/libfontconfig.so.1.6.2
7f3a8d7af000-7f3a8d9af000 ---p 00037000 fc:00 1846259                    /usr/lib/x86_64-linux-gnu/libfontconfig.so.1.6.2
7f3a8d9af000-7f3a8d9b0000 r--p 00037000 fc:00 1846259                    /usr/lib/x86_64-linux-gnu/libfontconfig.so.1.6.2
7f3a8d9b0000-7f3a8d9b1000 rw-p 00038000 fc:00 1846259                    /usr/lib/x86_64-linux-gnu/libfontconfig.so.1.6.2
7f3a8d9b1000-7f3a8d9b2000 rw-p 00000000 00:00 0 
7f3a8d9b2000-7f3a8da49000 r-xp 00000000 fc:00 1846227                    /usr/lib/x86_64-linux-gnu/libfreetype.so.6.10.0
7f3a8da49000-7f3a8dc48000 ---p 00097000 fc:00 1846227                    /usr/lib/x86_64-linux-gnu/libfreetype.so.6.10.0
7f3a8dc48000-7f3a8dc4e000 r--p 00096000 fc:00 1846227                    /usr/lib/x86_64-linux-gnu/libfreetype.so.6.10.0
7f3a8dc4e000-7f3a8dc4f000 rw-p 0009c000 fc:00 1846227                    /usr/lib/x86_64-linux-gnu/libfreetype.so.6.10.0
7f3a8dc4f000-7f3a8dc97000 r-xp 00000000 fc:00 1846312                    /usr/lib/x86_64-linux-gnu/libpango-1.0.so.0.3200.5
7f3a8dc97000-7f3a8de97000 ---p 00048000 fc:00 1846312                    /usr/lib/x86_64-linux-gnu/libpango-1.0.so.0.3200.5
7f3a8de97000-7f3a8de99000 r--p 00048000 fc:00 1846312                    /usr/lib/x86_64-linux-gnu/libpango-1.0.so.0.3200.5
7f3a8de99000-7f3a8de9a000 rw-p 0004a000 fc:00 1846312                    /usr/lib/x86_64-linux-gnu/libpango-1.0.so.0.3200.5
7f3a8de9a000-7f3a8df98000 r-xp 00000000 fc:00 1846269                    /usr/lib/x86_64-linux-gnu/libcairo.so.2.11200.14
7f3a8df98000-7f3a8e198000 ---p 000fe000 fc:00 1846269                    /usr/lib/x86_64-linux-gnu/libcairo.so.2.11200.14
7f3a8e198000-7f3a8e19b000 r--p 000fe000 fc:00 1846269                    /usr/lib/x86_64-linux-gnu/libcairo.so.2.11200.14
7f3a8e19b000-7f3a8e19c000 rw-p 00101000 fc:00 1846269                    /usr/lib/x86_64-linux-gnu/libcairo.so.2.11200.14
7f3a8e19c000-7f3a8e19e000 rw-p 00000000 00:00 0 
7f3a8e19e000-7f3a8e1a9000 r-xp 00000000 fc:00 1846313                    /usr/lib/x86_64-linux-gnu/libpangocairo-1.0.so.0.3200.5
7f3a8e1a9000-7f3a8e3a9000 ---p 0000b000 fc:00 1846313                    /usr/lib/x86_64-linux-gnu/libpangocairo-1.0.so.0.3200.5
7f3a8e3a9000-7f3a8e3aa000 r--p 0000b000 fc:00 1846313                    /usr/lib/x86_64-linux-gnu/libpangocairo-1.0.so.0.3200.5
7f3a8e3aa000-7f3a8e3ab000 rw-p 0000c000 fc:00 1846313                    /usr/lib/x86_64-linux-gnu/libpangocairo-1.0.so.0.3200.5
7f3a8e3ab000-7f3a8e3c9000 r-xp 00000000 fc:00 1846202                    /usr/lib/x86_64-linux-gnu/libgdk_pixbuf-2.0.so.0.2800.0
7f3a8e3c9000-7f3a8e5c9000 ---p 0001e000 fc:00 1846202                    /usr/lib/x86_64-linux-gnu/libgdk_pixbuf-2.0.so.0.2800.0
7f3a8e5c9000-7f3a8e5ca000 r--p 0001e000 fc:00 1846202                    /usr/lib/x86_64-linux-gnu/libgdk_pixbuf-2.0.so.0.2800.0
7f3a8e5ca000-7f3a8e5cb000 rw-p 0001f000 fc:00 1846202                    /usr/lib/x86_64-linux-gnu/libgdk_pixbuf-2.0.so.0.2800.0
7f3a8e5cb000-7f3a8e5de000 r-xp 00000000 fc:00 1846315                    /usr/lib/x86_64-linux-gnu/libpangoft2-1.0.so.0.3200.5
7f3a8e5de000-7f3a8e7dd000 ---p 00013000 fc:00 1846315                    /usr/lib/x86_64-linux-gnu/libpangoft2-1.0.so.0.3200.5
7f3a8e7dd000-7f3a8e7de000 r--p 00012000 fc:00 1846315                    /usr/lib/x86_64-linux-gnu/libpangoft2-1.0.so.0.3200.5
7f3a8e7de000-7f3a8e7df000 rw-p 00013000 fc:00 1846315                    /usr/lib/x86_64-linux-gnu/libpangoft2-1.0.so.0.3200.5
7f3a8e7df000-7f3a8e932000 r-xp 00000000 fc:00 1835727                    /usr/lib/x86_64-linux-gnu/libgio-2.0.so.0.3600.0
7f3a8e932000-7f3a8eb31000 ---p 00153000 fc:00 1835727                    /usr/lib/x86_64-linux-gnu/libgio-2.0.so.0.3600.0
7f3a8eb31000-7f3a8eb35000 r--p 00152000 fc:00 1835727                    /usr/lib/x86_64-linux-gnu/libgio-2.0.so.0.3600.0
7f3a8eb35000-7f3a8eb37000 rw-p 00156000 fc:00 1835727                    /usr/lib/x86_64-linux-gnu/libgio-2.0.so.0.3600.0
7f3a8eb37000-7f3a8eb39000 rw-p 00000000 00:00 0 
7f3a8eb39000-7f3a8eb59000 r-xp 00000000 fc:00 1846190                    /usr/lib/x86_64-linux-gnu/libatk-1.0.so.0.20809.1
7f3a8eb59000-7f3a8ed58000 ---p 00020000 fc:00 1846190                    /usr/lib/x86_64-linux-gnu/libatk-1.0.so.0.20809.1
7f3a8ed58000-7f3a8ed5a000 r--p 0001f000 fc:00 1846190                    /usr/lib/x86_64-linux-gnu/libatk-1.0.so.0.20809.1
7f3a8ed5a000-7f3a8ed5b000 rw-p 00021000 fc:00 1846190                    /usr/lib/x86_64-linux-gnu/libatk-1.0.so.0.20809.1
7f3a8ed5b000-7f3a8ee08000 r-xp 00000000 fc:00 1846610                    /usr/lib/x86_64-linux-gnu/libgdk-x11-2.0.so.0.2400.17
7f3a8ee08000-7f3a8f007000 ---p 000ad000 fc:00 1846610                    /usr/lib/x86_64-linux-gnu/libgdk-x11-2.0.so.0.2400.17
7f3a8f007000-7f3a8f00b000 r--p 000ac000 fc:00 1846610                    /usr/lib/x86_64-linux-gnu/libgdk-x11-2.0.so.0.2400.17
7f3a8f00b000-7f3a8f00d000 rw-p 000b0000 fc:00 1846610                    /usr/lib/x86_64-linux-gnu/libgdk-x11-2.0.so.0.2400.17
7f3a8f00d000-7f3a8f43a000 r-xp 00000000 fc:00 1846611                    /usr/lib/x86_64-linux-gnu/libgtk-x11-2.0.so.0.2400.17
7f3a8f43a000-7f3a8f639000 ---p 0042d000 fc:00 1846611                    /usr/lib/x86_64-linux-gnu/libgtk-x11-2.0.so.0.2400.17
7f3a8f639000-7f3a8f640000 r--p 0042c000 fc:00 1846611                    /usr/lib/x86_64-linux-gnu/libgtk-x11-2.0.so.0.2400.17
7f3a8f640000-7f3a8f644000 rw-p 00433000 fc:00 1846611                    /usr/lib/x86_64-linux-gnu/libgtk-x11-2.0.so.0.2400.17
7f3a8f644000-7f3a8f646000 rw-p 00000000 00:00 0 
7f3a8f646000-7f3a8f652000 r-xp 00000000 00:25 842037                     /homes/zl2511/jdk1.8.0_05/jre/lib/amd64/libprism_es2.so
7f3a8f652000-7f3a8f851000 ---p 0000c000 00:25 842037                     /homes/zl2511/jdk1.8.0_05/jre/lib/amd64/libprism_es2.so
7f3a8f851000-7f3a8f852000 r--p 0000b000 00:25 842037                     /homes/zl2511/jdk1.8.0_05/jre/lib/amd64/libprism_es2.so
7f3a8f852000-7f3a8f853000 rw-p 0000c000 00:25 842037                     /homes/zl2511/jdk1.8.0_05/jre/lib/amd64/libprism_es2.so
7f3a8f853000-7f3a8f856000 ---p 00000000 00:00 0 
7f3a8f856000-7f3a8f954000 rw-p 00000000 00:00 0                          [stack:28923]
7f3a8f954000-7f3a8f9fa000 r--s 010bb000 00:25 851347                     /homes/zl2511/jdk1.8.0_05/jre/lib/ext/jfxrt.jar
7f3a8f9fa000-7f3a8f9fb000 ---p 00000000 00:00 0 
7f3a8f9fb000-7f3a8fafb000 rw-p 00000000 00:00 0                          [stack:28922]
7f3a8fafb000-7f3a8fafe000 ---p 00000000 00:00 0 
7f3a8fafe000-7f3a8fbfc000 rw-p 00000000 00:00 0                          [stack:28921]
7f3a8fbfc000-7f3a8fbff000 ---p 00000000 00:00 0 
7f3a8fbff000-7f3a8fcfd000 rw-p 00000000 00:00 0                          [stack:28920]
7f3a8fcfd000-7f3a8fd00000 ---p 00000000 00:00 0 
7f3a8fd00000-7f3a8fdfe000 rw-p 00000000 00:00 0                          [stack:28919]
7f3a8fdfe000-7f3a8fe01000 ---p 00000000 00:00 0 
7f3a8fe01000-7f3a8feff000 rw-p 00000000 00:00 0                          [stack:28918]
7f3a8feff000-7f3a8ff02000 ---p 00000000 00:00 0 
7f3a8ff02000-7f3a90000000 rw-p 00000000 00:00 0                          [stack:28917]
7f3a90000000-7f3a90021000 rw-p 00000000 00:00 0 
7f3a90021000-7f3a94000000 ---p 00000000 00:00 0 
7f3a94000000-7f3a94021000 rw-p 00000000 00:00 0 
7f3a94021000-7f3a98000000 ---p 00000000 00:00 0 
7f3a98000000-7f3a98021000 rw-p 00000000 00:00 0 
7f3a98021000-7f3a9c000000 ---p 00000000 00:00 0 
7f3a9c000000-7f3a9c001000 r--s 00000000 fc:02 4211289                    /var/cache/fontconfig/b9d506c9ac06c20b433354fa67a72993-le64.cache-3
7f3a9c001000-7f3a9c002000 r--s 00000000 fc:02 4211286                    /var/cache/fontconfig/89034621ae2a8922916bb6bfa5799546-le64.cache-3
7f3a9c002000-7f3a9c005000 r--s 00000000 fc:02 4211284                    /var/cache/fontconfig/e49e89034d371f0f9de17aab02136486-le64.cache-3
7f3a9c005000-7f3a9c007000 r--s 00000000 fc:02 4211283                    /var/cache/fontconfig/4b14b093aebc79c320de5e86ae1d3314-le64.cache-3
7f3a9c007000-7f3a9c00d000 r--s 00000000 fc:02 4211280                    /var/cache/fontconfig/105b9c7e6f0a4f82d8c9b6e39c52c6f9-le64.cache-3
7f3a9c00d000-7f3a9c014000 r--s 00000000 fc:02 4211279                    /var/cache/fontconfig/3f7329c5293ffd510edef78f73874cfd-le64.cache-3
7f3a9c014000-7f3a9c016000 r--s 00000000 fc:02 4211278                    /var/cache/fontconfig/65f976e5259cbe6dc7697b8648396239-le64.cache-3
7f3a9c016000-7f3a9c017000 r--s 00000000 fc:02 4211277                    /var/cache/fontconfig/94f7fe9bd33aadfac165873bd010d595-le64.cache-3
7f3a9c017000-7f3a9c036000 r--s 00000000 fc:02 4211256                    /var/cache/fontconfig/cabbd14511b9e8a55e92af97fb3a0461-le64.cache-3
7f3a9c036000-7f3a9c050000 r--s 00000000 fc:02 4211255                    /var/cache/fontconfig/e13b20fdb08344e0e664864cc2ede53d-le64.cache-3
7f3a9c050000-7f3a9c053000 ---p 00000000 00:00 0 
7f3a9c053000-7f3a9c151000 rw-p 00000000 00:00 0                          [stack:28916]
7f3a9c151000-7f3a9c154000 ---p 00000000 00:00 0 
7f3a9c154000-7f3a9c252000 rw-p 00000000 00:00 0                          [stack:28915]
7f3a9c252000-7f3a9c255000 ---p 00000000 00:00 0 
7f3a9c255000-7f3a9c353000 rw-p 00000000 00:00 0                          [stack:28914]
7f3a9c353000-7f3a9c354000 ---p 00000000 00:00 0 
7f3a9c354000-7f3a9df6f000 rw-p 00000000 00:00 0                          [stack:28913]
7f3a9df6f000-7f3a9e144000 r--s 03c4d000 00:25 857560                     /homes/zl2511/jdk1.8.0_05/jre/lib/rt.jar
7f3a9e144000-7f3a9f10b000 rw-p 00000000 00:00 0 
7f3a9f10b000-7f3a9f10c000 ---p 00000000 00:00 0 
7f3a9f10c000-7f3a9f20c000 rw-p 00000000 00:00 0                          [stack:28912]
7f3a9f20c000-7f3a9f20d000 ---p 00000000 00:00 0 
7f3a9f20d000-7f3a9f30d000 rw-p 00000000 00:00 0                          [stack:28911]
7f3a9f30d000-7f3a9f30e000 ---p 00000000 00:00 0 
7f3a9f30e000-7f3a9f40e000 rw-p 00000000 00:00 0                          [stack:28910]
7f3a9f40e000-7f3a9f40f000 ---p 00000000 00:00 0 
7f3a9f40f000-7f3a9f50f000 rw-p 00000000 00:00 0                          [stack:28909]
7f3a9f50f000-7f3a9f510000 ---p 00000000 00:00 0 
7f3a9f510000-7f3a9f610000 rw-p 00000000 00:00 0                          [stack:28908]
7f3a9f610000-7f3a9f611000 ---p 00000000 00:00 0 
7f3a9f611000-7f3a9f711000 rw-p 00000000 00:00 0                          [stack:28907]
7f3a9f711000-7f3a9f712000 ---p 00000000 00:00 0 
7f3a9f712000-7f3a9f812000 rw-p 00000000 00:00 0                          [stack:28906]
7f3a9f812000-7f3a9f813000 ---p 00000000 00:00 0 
7f3a9f813000-7f3a9f990000 rw-p 00000000 00:00 0                          [stack:28905]
7f3a9f990000-7f3a9fe43000 ---p 00000000 00:00 0 
7f3a9fe43000-7f3a9fec0000 rw-p 00000000 00:00 0 
7f3a9fec0000-7f3aa0372000 ---p 00000000 00:00 0 
7f3aa0372000-7f3aa037d000 rw-p 00000000 00:00 0 
7f3aa037d000-7f3aa060a000 ---p 00000000 00:00 0 
7f3aa060a000-7f3aa062c000 rw-p 00000000 00:00 0 
7f3aa062c000-7f3aa09cb000 ---p 00000000 00:00 0 
7f3aa09cb000-7f3aa11eb000 rwxp 00000000 00:00 0 
7f3aa11eb000-7f3aaf9cb000 ---p 00000000 00:00 0 
7f3aaf9cb000-7f3aaf9e7000 r-xp 00000000 00:25 850350                     /homes/zl2511/jdk1.8.0_05/jre/lib/amd64/libzip.so
7f3aaf9e7000-7f3aafbe6000 ---p 0001c000 00:25 850350                     /homes/zl2511/jdk1.8.0_05/jre/lib/amd64/libzip.so
7f3aafbe6000-7f3aafbe7000 rw-p 0001b000 00:25 850350                     /homes/zl2511/jdk1.8.0_05/jre/lib/amd64/libzip.so
7f3aafbe7000-7f3aafbf3000 r-xp 00000000 fc:00 527147                     /lib/x86_64-linux-gnu/libnss_files-2.17.so
7f3aafbf3000-7f3aafdf2000 ---p 0000c000 fc:00 527147                     /lib/x86_64-linux-gnu/libnss_files-2.17.so
7f3aafdf2000-7f3aafdf3000 r--p 0000b000 fc:00 527147                     /lib/x86_64-linux-gnu/libnss_files-2.17.so
7f3aafdf3000-7f3aafdf4000 rw-p 0000c000 fc:00 527147                     /lib/x86_64-linux-gnu/libnss_files-2.17.so
7f3aafdf4000-7f3aafdff000 r-xp 00000000 fc:00 536623                     /lib/x86_64-linux-gnu/libnss_nis-2.17.so
7f3aafdff000-7f3aafffe000 ---p 0000b000 fc:00 536623                     /lib/x86_64-linux-gnu/libnss_nis-2.17.so
7f3aafffe000-7f3aaffff000 r--p 0000a000 fc:00 536623                     /lib/x86_64-linux-gnu/libnss_nis-2.17.so
7f3aaffff000-7f3ab0000000 rw-p 0000b000 fc:00 536623                     /lib/x86_64-linux-gnu/libnss_nis-2.17.so
7f3ab0000000-7f3ab059f000 rw-p 00000000 00:00 0 
7f3ab059f000-7f3ab4000000 ---p 00000000 00:00 0 
7f3ab4000000-7f3ab4001000 r--s 00000000 fc:02 4211276                    /var/cache/fontconfig/423767150eb258c59035de29db6fca84-le64.cache-3
7f3ab4001000-7f3ab4002000 r--s 00000000 fc:02 4211275                    /var/cache/fontconfig/406a1d2d2bf3ed7664fbadefac0b2f66-le64.cache-3
7f3ab4002000-7f3ab400c000 r--s 00000000 fc:02 4211271                    /var/cache/fontconfig/83bf95040141907cd45bb53cf7c1c148-le64.cache-3
7f3ab400c000-7f3ab4018000 r--s 00000000 fc:02 4211270                    /var/cache/fontconfig/53d14c92082a93e67d5078324eb314ca-le64.cache-3
7f3ab4018000-7f3ab40dd000 rw-p 00000000 00:00 0 
7f3ab40dd000-7f3ab40f4000 r-xp 00000000 fc:00 527143                     /lib/x86_64-linux-gnu/libnsl-2.17.so
7f3ab40f4000-7f3ab42f3000 ---p 00017000 fc:00 527143                     /lib/x86_64-linux-gnu/libnsl-2.17.so
7f3ab42f3000-7f3ab42f4000 r--p 00016000 fc:00 527143                     /lib/x86_64-linux-gnu/libnsl-2.17.so
7f3ab42f4000-7f3ab42f5000 rw-p 00017000 fc:00 527143                     /lib/x86_64-linux-gnu/libnsl-2.17.so
7f3ab42f5000-7f3ab42f7000 rw-p 00000000 00:00 0 
7f3ab42f7000-7f3ab42ff000 r-xp 00000000 fc:00 536625                     /lib/x86_64-linux-gnu/libnss_compat-2.17.so
7f3ab42ff000-7f3ab44fe000 ---p 00008000 fc:00 536625                     /lib/x86_64-linux-gnu/libnss_compat-2.17.so
7f3ab44fe000-7f3ab44ff000 r--p 00007000 fc:00 536625                     /lib/x86_64-linux-gnu/libnss_compat-2.17.so
7f3ab44ff000-7f3ab4500000 rw-p 00008000 fc:00 536625                     /lib/x86_64-linux-gnu/libnss_compat-2.17.so
7f3ab4500000-7f3ab452a000 r-xp 00000000 00:25 849900                     /homes/zl2511/jdk1.8.0_05/jre/lib/amd64/libjava.so
7f3ab452a000-7f3ab472a000 ---p 0002a000 00:25 849900                     /homes/zl2511/jdk1.8.0_05/jre/lib/amd64/libjava.so
7f3ab472a000-7f3ab472c000 rw-p 0002a000 00:25 849900                     /homes/zl2511/jdk1.8.0_05/jre/lib/amd64/libjava.so
7f3ab472c000-7f3ab4739000 r-xp 00000000 00:25 847399                     /homes/zl2511/jdk1.8.0_05/jre/lib/amd64/libverify.so
7f3ab4739000-7f3ab4939000 ---p 0000d000 00:25 847399                     /homes/zl2511/jdk1.8.0_05/jre/lib/amd64/libverify.so
7f3ab4939000-7f3ab493b000 rw-p 0000d000 00:25 847399                     /homes/zl2511/jdk1.8.0_05/jre/lib/amd64/libverify.so
7f3ab493b000-7f3ab4942000 r-xp 00000000 fc:00 536619                     /lib/x86_64-linux-gnu/librt-2.17.so
7f3ab4942000-7f3ab4b41000 ---p 00007000 fc:00 536619                     /lib/x86_64-linux-gnu/librt-2.17.so
7f3ab4b41000-7f3ab4b42000 r--p 00006000 fc:00 536619                     /lib/x86_64-linux-gnu/librt-2.17.so
7f3ab4b42000-7f3ab4b43000 rw-p 00007000 fc:00 536619                     /lib/x86_64-linux-gnu/librt-2.17.so
7f3ab4b43000-7f3ab4c46000 r-xp 00000000 fc:00 536624                     /lib/x86_64-linux-gnu/libm-2.17.so
7f3ab4c46000-7f3ab4e46000 ---p 00103000 fc:00 536624                     /lib/x86_64-linux-gnu/libm-2.17.so
7f3ab4e46000-7f3ab4e47000 r--p 00103000 fc:00 536624                     /lib/x86_64-linux-gnu/libm-2.17.so
7f3ab4e47000-7f3ab4e48000 rw-p 00104000 fc:00 536624                     /lib/x86_64-linux-gnu/libm-2.17.so
7f3ab4e48000-7f3ab5a62000 r-xp 00000000 00:25 840750                     /homes/zl2511/jdk1.8.0_05/jre/lib/amd64/server/libjvm.so
7f3ab5a62000-7f3ab5c61000 ---p 00c1a000 00:25 840750                     /homes/zl2511/jdk1.8.0_05/jre/lib/amd64/server/libjvm.so
7f3ab5c61000-7f3ab5d2a000 rw-p 00c19000 00:25 840750                     /homes/zl2511/jdk1.8.0_05/jre/lib/amd64/server/libjvm.so
7f3ab5d2a000-7f3ab5d6b000 rw-p 00000000 00:00 0 
7f3ab5d6b000-7f3ab5f2a000 r-xp 00000000 fc:00 536627                     /lib/x86_64-linux-gnu/libc-2.17.so
7f3ab5f2a000-7f3ab6129000 ---p 001bf000 fc:00 536627                     /lib/x86_64-linux-gnu/libc-2.17.so
7f3ab6129000-7f3ab612d000 r--p 001be000 fc:00 536627                     /lib/x86_64-linux-gnu/libc-2.17.so
7f3ab612d000-7f3ab612f000 rw-p 001c2000 fc:00 536627                     /lib/x86_64-linux-gnu/libc-2.17.so
7f3ab612f000-7f3ab6134000 rw-p 00000000 00:00 0 
7f3ab6134000-7f3ab6137000 r-xp 00000000 fc:00 527146                     /lib/x86_64-linux-gnu/libdl-2.17.so
7f3ab6137000-7f3ab6336000 ---p 00003000 fc:00 527146                     /lib/x86_64-linux-gnu/libdl-2.17.so
7f3ab6336000-7f3ab6337000 r--p 00002000 fc:00 527146                     /lib/x86_64-linux-gnu/libdl-2.17.so
7f3ab6337000-7f3ab6338000 rw-p 00003000 fc:00 527146                     /lib/x86_64-linux-gnu/libdl-2.17.so
7f3ab6338000-7f3ab634f000 r-xp 00000000 00:25 846047                     /homes/zl2511/jdk1.8.0_05/jre/lib/amd64/jli/libjli.so
7f3ab634f000-7f3ab654e000 ---p 00017000 00:25 846047                     /homes/zl2511/jdk1.8.0_05/jre/lib/amd64/jli/libjli.so
7f3ab654e000-7f3ab654f000 rw-p 00016000 00:25 846047                     /homes/zl2511/jdk1.8.0_05/jre/lib/amd64/jli/libjli.so
7f3ab654f000-7f3ab6567000 r-xp 00000000 fc:00 527144                     /lib/x86_64-linux-gnu/libpthread-2.17.so
7f3ab6567000-7f3ab6766000 ---p 00018000 fc:00 527144                     /lib/x86_64-linux-gnu/libpthread-2.17.so
7f3ab6766000-7f3ab6767000 r--p 00017000 fc:00 527144                     /lib/x86_64-linux-gnu/libpthread-2.17.so
7f3ab6767000-7f3ab6768000 rw-p 00018000 fc:00 527144                     /lib/x86_64-linux-gnu/libpthread-2.17.so
7f3ab6768000-7f3ab676c000 rw-p 00000000 00:00 0 
7f3ab676c000-7f3ab678f000 r-xp 00000000 fc:00 524597                     /lib/x86_64-linux-gnu/ld-2.17.so
7f3ab678f000-7f3ab6791000 r--s 00000000 fc:02 4211274                    /var/cache/fontconfig/67709b7835c0f764c1135060c9575660-le64.cache-3
7f3ab6791000-7f3ab67a2000 r--s 00000000 fc:02 4211269                    /var/cache/fontconfig/4ac51e5cfbc76fc3f983e470323a16d3-le64.cache-3
7f3ab67a2000-7f3ab67a6000 r--s 00000000 fc:02 4200100                    /var/cache/fontconfig/7ef2298fde41cc6eeb7af42e48b7d293-le64.cache-3
7f3ab67a6000-7f3ab684f000 rw-p 00000000 00:00 0 
7f3ab684f000-7f3ab6852000 ---p 00000000 00:00 0 
7f3ab6852000-7f3ab6954000 rw-p 00000000 00:00 0                          [stack:28904]
7f3ab6954000-7f3ab6955000 r--s 00000000 fc:02 4211273                    /var/cache/fontconfig/0c9eb80ebd1c36541ebe2852d3bb0c49-le64.cache-3
7f3ab6955000-7f3ab6956000 r--s 00000000 fc:02 4200099                    /var/cache/fontconfig/16326683038b281783a0ef8c680e3a10-le64.cache-3
7f3ab6956000-7f3ab6960000 r--s 00000000 fc:02 4200098                    /var/cache/fontconfig/8f02d4cb045bd6ce15663e43f347c9f8-le64.cache-3
7f3ab6960000-7f3ab6961000 r--s 00000000 fc:02 4200096                    /var/cache/fontconfig/e0aa53bcfa504e64f87823c16bc01eb6-le64.cache-3
7f3ab6961000-7f3ab6979000 r--s 00000000 fc:02 4194509                    /var/cache/fontconfig/467c019e582ee353435ea5c21d137ef6-le64.cache-3
7f3ab6979000-7f3ab697a000 r--p 00000000 fc:00 412510                     /usr/share/locale-langpack/en_GB/LC_MESSAGES/libc.mo
7f3ab697a000-7f3ab697f000 r--s 00092000 00:25 856156                     /homes/zl2511/jdk1.8.0_05/jre/lib/jsse.jar
7f3ab697f000-7f3ab6982000 r--s 0002c000 00:25 5184710                    /homes/zl2511/IPR/IPR/dist/run65428743/IPR.jar
7f3ab6982000-7f3ab698a000 rw-s 00000000 00:12 3522763                    /tmp/hsperfdata_zl2511/28900
7f3ab698a000-7f3ab698b000 rw-p 00000000 00:00 0 
7f3ab698b000-7f3ab698c000 ---p 00000000 00:00 0 
7f3ab698c000-7f3ab698e000 rw-p 00000000 00:00 0 
7f3ab698e000-7f3ab698f000 r--p 00022000 fc:00 524597                     /lib/x86_64-linux-gnu/ld-2.17.so
7f3ab698f000-7f3ab6991000 rw-p 00023000 fc:00 524597                     /lib/x86_64-linux-gnu/ld-2.17.so
7fffbf3cf000-7fffbf3f0000 rw-p 00000000 00:00 0                          [stack]
7fffbf3fe000-7fffbf400000 r-xp 00000000 00:00 0                          [vdso]
ffffffffff600000-ffffffffff601000 r-xp 00000000 00:00 0                  [vsyscall]

VM Arguments:
jvm_args: -Dfile.encoding=UTF-8 
java_command: /homes/zl2511/IPR/IPR/dist/run65428743/IPR.jar
java_class_path (initial): /homes/zl2511/IPR/IPR/dist/run65428743/IPR.jar
Launcher Type: SUN_STANDARD

Environment Variables:
PATH=/usr/local/bin:/usr/bin:/bin:/usr/bin/X11:/usr/games
USERNAME=zl2511
LD_LIBRARY_PATH=/homes/zl2511/jdk1.8.0_05/jre/lib/amd64:/homes/zl2511/jdk1.8.0_05/jre/lib/i386:
SHELL=/bin/tcsh
DISPLAY=:0.0

Signal Handlers:
SIGSEGV: [libjvm.so+0xa2fc90], sa_mask[0]=0x7ffbfeff, sa_flags=0x10000004
SIGBUS: [libjvm.so+0xa2fc90], sa_mask[0]=0x7ffbfeff, sa_flags=0x10000004
SIGFPE: [libjvm.so+0x89b4b0], sa_mask[0]=0x7ffbfeff, sa_flags=0x10000004
SIGPIPE: SIG_IGN, sa_mask[0]=0x00001000, sa_flags=0x10000000
SIGXFSZ: [libjvm.so+0x89b4b0], sa_mask[0]=0x7ffbfeff, sa_flags=0x10000004
SIGILL: [libjvm.so+0x89b4b0], sa_mask[0]=0x7ffbfeff, sa_flags=0x10000004
SIGUSR1: SIG_DFL, sa_mask[0]=0x00000000, sa_flags=0x00000000
SIGUSR2: [libjvm.so+0x89cc50], sa_mask[0]=0x00000004, sa_flags=0x10000004
SIGHUP: [libjvm.so+0x89df00], sa_mask[0]=0x7ffbfeff, sa_flags=0x10000004
SIGINT: SIG_IGN, sa_mask[0]=0x00000000, sa_flags=0x00000000
SIGTERM: [libjvm.so+0x89df00], sa_mask[0]=0x7ffbfeff, sa_flags=0x10000004
SIGQUIT: [libjvm.so+0x89df00], sa_mask[0]=0x7ffbfeff, sa_flags=0x10000004


---------------  S Y S T E M  ---------------

OS:DISTRIB_ID=Ubuntu
DISTRIB_RELEASE=13.04
DISTRIB_CODENAME=raring
DISTRIB_DESCRIPTION="Ubuntu 13.04"

uname:Linux 3.8.0-35-generic #50-Ubuntu SMP Tue Dec 3 01:24:59 UTC 2013 x86_64
libc:glibc 2.17 NPTL 2.17 
rlimit: STACK 8192k, CORE 0k, NPROC 127214, NOFILE 4096, AS infinity
load average:0.60 0.45 0.42

/proc/meminfo:
MemTotal:       16307336 kB
MemFree:         9278184 kB
Buffers:          415132 kB
Cached:          3902932 kB
SwapCached:            0 kB
Active:          3838732 kB
Inactive:        2683384 kB
Active(anon):    2227828 kB
Inactive(anon):   561640 kB
Active(file):    1610904 kB
Inactive(file):  2121744 kB
Unevictable:          48 kB
Mlocked:              48 kB
SwapTotal:       4194300 kB
SwapFree:        4194300 kB
Dirty:              2604 kB
Writeback:             0 kB
AnonPages:       2204272 kB
Mapped:           284552 kB
Shmem:            585420 kB
Slab:             311592 kB
SReclaimable:     260536 kB
SUnreclaim:        51056 kB
KernelStack:        5328 kB
PageTables:        40356 kB
NFS_Unstable:          0 kB
Bounce:                0 kB
WritebackTmp:          0 kB
CommitLimit:    12347968 kB
Committed_AS:    6358020 kB
VmallocTotal:   34359738367 kB
VmallocUsed:      378928 kB
VmallocChunk:   34359351544 kB
HardwareCorrupted:     0 kB
AnonHugePages:         0 kB
HugePages_Total:       0
HugePages_Free:        0
HugePages_Rsvd:        0
HugePages_Surp:        0
Hugepagesize:       2048 kB
DirectMap4k:       83968 kB
DirectMap2M:    16576512 kB


CPU:total 8 (4 cores per cpu, 2 threads per core) family 6 model 58 stepping 9, cmov, cx8, fxsr, mmx, sse, sse2, sse3, ssse3, sse4.1, sse4.2, popcnt, avx, aes, clmul, erms, ht, tsc, tscinvbit

/proc/cpuinfo:
processor	: 0
vendor_id	: GenuineIntel
cpu family	: 6
model		: 58
model name	: Intel(R) Core(TM) i7-3770 CPU @ 3.40GHz
stepping	: 9
microcode	: 0x12
cpu MHz		: 3100.000
cache size	: 8192 KB
physical id	: 0
siblings	: 8
core id		: 0
cpu cores	: 4
apicid		: 0
initial apicid	: 0
fpu		: yes
fpu_exception	: yes
cpuid level	: 13
wp		: yes
flags		: fpu vme de pse tsc msr pae mce cx8 apic sep mtrr pge mca cmov pat pse36 clflush dts acpi mmx fxsr sse sse2 ss ht tm pbe syscall nx rdtscp lm constant_tsc arch_perfmon pebs bts rep_good nopl xtopology nonstop_tsc aperfmperf eagerfpu pni pclmulqdq dtes64 monitor ds_cpl vmx smx est tm2 ssse3 cx16 xtpr pdcm pcid sse4_1 sse4_2 x2apic popcnt tsc_deadline_timer aes xsave avx f16c rdrand lahf_lm ida arat epb xsaveopt pln pts dtherm tpr_shadow vnmi flexpriority ept vpid fsgsbase smep erms
bogomips	: 6784.95
clflush size	: 64
cache_alignment	: 64
address sizes	: 36 bits physical, 48 bits virtual
power management:

processor	: 1
vendor_id	: GenuineIntel
cpu family	: 6
model		: 58
model name	: Intel(R) Core(TM) i7-3770 CPU @ 3.40GHz
stepping	: 9
microcode	: 0x12
cpu MHz		: 3300.000
cache size	: 8192 KB
physical id	: 0
siblings	: 8
core id		: 1
cpu cores	: 4
apicid		: 2
initial apicid	: 2
fpu		: yes
fpu_exception	: yes
cpuid level	: 13
wp		: yes
flags		: fpu vme de pse tsc msr pae mce cx8 apic sep mtrr pge mca cmov pat pse36 clflush dts acpi mmx fxsr sse sse2 ss ht tm pbe syscall nx rdtscp lm constant_tsc arch_perfmon pebs bts rep_good nopl xtopology nonstop_tsc aperfmperf eagerfpu pni pclmulqdq dtes64 monitor ds_cpl vmx smx est tm2 ssse3 cx16 xtpr pdcm pcid sse4_1 sse4_2 x2apic popcnt tsc_deadline_timer aes xsave avx f16c rdrand lahf_lm ida arat epb xsaveopt pln pts dtherm tpr_shadow vnmi flexpriority ept vpid fsgsbase smep erms
bogomips	: 6784.95
clflush size	: 64
cache_alignment	: 64
address sizes	: 36 bits physical, 48 bits virtual
power management:

processor	: 2
vendor_id	: GenuineIntel
cpu family	: 6
model		: 58
model name	: Intel(R) Core(TM) i7-3770 CPU @ 3.40GHz
stepping	: 9
microcode	: 0x12
cpu MHz		: 1600.000
cache size	: 8192 KB
physical id	: 0
siblings	: 8
core id		: 2
cpu cores	: 4
apicid		: 4
initial apicid	: 4
fpu		: yes
fpu_exception	: yes
cpuid level	: 13
wp		: yes
flags		: fpu vme de pse tsc msr pae mce cx8 apic sep mtrr pge mca cmov pat pse36 clflush dts acpi mmx fxsr sse sse2 ss ht tm pbe syscall nx rdtscp lm constant_tsc arch_perfmon pebs bts rep_good nopl xtopology nonstop_tsc aperfmperf eagerfpu pni pclmulqdq dtes64 monitor ds_cpl vmx smx est tm2 ssse3 cx16 xtpr pdcm pcid sse4_1 sse4_2 x2apic popcnt tsc_deadline_timer aes xsave avx f16c rdrand lahf_lm ida arat epb xsaveopt pln pts dtherm tpr_shadow vnmi flexpriority ept vpid fsgsbase smep erms
bogomips	: 6784.95
clflush size	: 64
cache_alignment	: 64
address sizes	: 36 bits physical, 48 bits virtual
power management:

processor	: 3
vendor_id	: GenuineIntel
cpu family	: 6
model		: 58
model name	: Intel(R) Core(TM) i7-3770 CPU @ 3.40GHz
stepping	: 9
microcode	: 0x12
cpu MHz		: 3401.000
cache size	: 8192 KB
physical id	: 0
siblings	: 8
core id		: 3
cpu cores	: 4
apicid		: 6
initial apicid	: 6
fpu		: yes
fpu_exception	: yes
cpuid level	: 13
wp		: yes
flags		: fpu vme de pse tsc msr pae mce cx8 apic sep mtrr pge mca cmov pat pse36 clflush dts acpi mmx fxsr sse sse2 ss ht tm pbe syscall nx rdtscp lm constant_tsc arch_perfmon pebs bts rep_good nopl xtopology nonstop_tsc aperfmperf eagerfpu pni pclmulqdq dtes64 monitor ds_cpl vmx smx est tm2 ssse3 cx16 xtpr pdcm pcid sse4_1 sse4_2 x2apic popcnt tsc_deadline_timer aes xsave avx f16c rdrand lahf_lm ida arat epb xsaveopt pln pts dtherm tpr_shadow vnmi flexpriority ept vpid fsgsbase smep erms
bogomips	: 6784.95
clflush size	: 64
cache_alignment	: 64
address sizes	: 36 bits physical, 48 bits virtual
power management:

processor	: 4
vendor_id	: GenuineIntel
cpu family	: 6
model		: 58
model name	: Intel(R) Core(TM) i7-3770 CPU @ 3.40GHz
stepping	: 9
microcode	: 0x12
cpu MHz		: 3401.000
cache size	: 8192 KB
physical id	: 0
siblings	: 8
core id		: 0
cpu cores	: 4
apicid		: 1
initial apicid	: 1
fpu		: yes
fpu_exception	: yes
cpuid level	: 13
wp		: yes
flags		: fpu vme de pse tsc msr pae mce cx8 apic sep mtrr pge mca cmov pat pse36 clflush dts acpi mmx fxsr sse sse2 ss ht tm pbe syscall nx rdtscp lm constant_tsc arch_perfmon pebs bts rep_good nopl xtopology nonstop_tsc aperfmperf eagerfpu pni pclmulqdq dtes64 monitor ds_cpl vmx smx est tm2 ssse3 cx16 xtpr pdcm pcid sse4_1 sse4_2 x2apic popcnt tsc_deadline_timer aes xsave avx f16c rdrand lahf_lm ida arat epb xsaveopt pln pts dtherm tpr_shadow vnmi flexpriority ept vpid fsgsbase smep erms
bogomips	: 6784.95
clflush size	: 64
cache_alignment	: 64
address sizes	: 36 bits physical, 48 bits virtual
power management:

processor	: 5
vendor_id	: GenuineIntel
cpu family	: 6
model		: 58
model name	: Intel(R) Core(TM) i7-3770 CPU @ 3.40GHz
stepping	: 9
microcode	: 0x12
cpu MHz		: 3401.000
cache size	: 8192 KB
physical id	: 0
siblings	: 8
core id		: 1
cpu cores	: 4
apicid		: 3
initial apicid	: 3
fpu		: yes
fpu_exception	: yes
cpuid level	: 13
wp		: yes
flags		: fpu vme de pse tsc msr pae mce cx8 apic sep mtrr pge mca cmov pat pse36 clflush dts acpi mmx fxsr sse sse2 ss ht tm pbe syscall nx rdtscp lm constant_tsc arch_perfmon pebs bts rep_good nopl xtopology nonstop_tsc aperfmperf eagerfpu pni pclmulqdq dtes64 monitor ds_cpl vmx smx est tm2 ssse3 cx16 xtpr pdcm pcid sse4_1 sse4_2 x2apic popcnt tsc_deadline_timer aes xsave avx f16c rdrand lahf_lm ida arat epb xsaveopt pln pts dtherm tpr_shadow vnmi flexpriority ept vpid fsgsbase smep erms
bogomips	: 6784.95
clflush size	: 64
cache_alignment	: 64
address sizes	: 36 bits physical, 48 bits virtual
power management:

processor	: 6
vendor_id	: GenuineIntel
cpu family	: 6
model		: 58
model name	: Intel(R) Core(TM) i7-3770 CPU @ 3.40GHz
stepping	: 9
microcode	: 0x12
cpu MHz		: 3401.000
cache size	: 8192 KB
physical id	: 0
siblings	: 8
core id		: 2
cpu cores	: 4
apicid		: 5
initial apicid	: 5
fpu		: yes
fpu_exception	: yes
cpuid level	: 13
wp		: yes
flags		: fpu vme de pse tsc msr pae mce cx8 apic sep mtrr pge mca cmov pat pse36 clflush dts acpi mmx fxsr sse sse2 ss ht tm pbe syscall nx rdtscp lm constant_tsc arch_perfmon pebs bts rep_good nopl xtopology nonstop_tsc aperfmperf eagerfpu pni pclmulqdq dtes64 monitor ds_cpl vmx smx est tm2 ssse3 cx16 xtpr pdcm pcid sse4_1 sse4_2 x2apic popcnt tsc_deadline_timer aes xsave avx f16c rdrand lahf_lm ida arat epb xsaveopt pln pts dtherm tpr_shadow vnmi flexpriority ept vpid fsgsbase smep erms
bogomips	: 6784.95
clflush size	: 64
cache_alignment	: 64
address sizes	: 36 bits physical, 48 bits virtual
power management:

processor	: 7
vendor_id	: GenuineIntel
cpu family	: 6
model		: 58
model name	: Intel(R) Core(TM) i7-3770 CPU @ 3.40GHz
stepping	: 9
microcode	: 0x12
cpu MHz		: 1600.000
cache size	: 8192 KB
physical id	: 0
siblings	: 8
core id		: 3
cpu cores	: 4
apicid		: 7
initial apicid	: 7
fpu		: yes
fpu_exception	: yes
cpuid level	: 13
wp		: yes
flags		: fpu vme de pse tsc msr pae mce cx8 apic sep mtrr pge mca cmov pat pse36 clflush dts acpi mmx fxsr sse sse2 ss ht tm pbe syscall nx rdtscp lm constant_tsc arch_perfmon pebs bts rep_good nopl xtopology nonstop_tsc aperfmperf eagerfpu pni pclmulqdq dtes64 monitor ds_cpl vmx smx est tm2 ssse3 cx16 xtpr pdcm pcid sse4_1 sse4_2 x2apic popcnt tsc_deadline_timer aes xsave avx f16c rdrand lahf_lm ida arat epb xsaveopt pln pts dtherm tpr_shadow vnmi flexpriority ept vpid fsgsbase smep erms
bogomips	: 6784.95
clflush size	: 64
cache_alignment	: 64
address sizes	: 36 bits physical, 48 bits virtual
power management:



Memory: 4k page, physical 16307336k(9278184k free), swap 4194300k(4194300k free)

vm_info: Java HotSpot(TM) 64-Bit Server VM (25.5-b02) for linux-amd64 JRE (1.8.0_05-b13), built on Mar 18 2014 00:29:27 by "java_re" with gcc 4.3.0 20080428 (Red Hat 4.3.0-8)

time: Fri Jun 13 16:14:03 2014
elapsed time: 31 seconds

